C:\src\Stm32MazeRunner\Project2\MR2\VisualGDB\Debug\MR2
C:\src\Stm32MazeRunner\Project2\MR2\VisualGDB\Debug\MR2.link.rsp
C:\src\Stm32MazeRunner\Project2\MR2\VisualGDB\Debug\MR2.mkbin.rsp
C:\src\Stm32MazeRunner\Project2\MR2\VisualGDB\Debug\MR2.bin
C:\src\Stm32MazeRunner\Project2\MR2\MR2\VisualGDB\Debug\adc.o
C:\src\Stm32MazeRunner\Project2\MR2\MR2\VisualGDB\Debug\arm_abs_f32.o
C:\src\Stm32MazeRunner\Project2\MR2\MR2\VisualGDB\Debug\arm_abs_q15.o
C:\src\Stm32MazeRunner\Project2\MR2\MR2\VisualGDB\Debug\arm_abs_q31.o
C:\src\Stm32MazeRunner\Project2\MR2\MR2\VisualGDB\Debug\arm_abs_q7.o
C:\src\Stm32MazeRunner\Project2\MR2\MR2\VisualGDB\Debug\arm_add_f32.o
C:\src\Stm32MazeRunner\Project2\MR2\MR2\VisualGDB\Debug\arm_add_q15.o
C:\src\Stm32MazeRunner\Project2\MR2\MR2\VisualGDB\Debug\arm_add_q31.o
C:\src\Stm32MazeRunner\Project2\MR2\MR2\VisualGDB\Debug\arm_add_q7.o
C:\src\Stm32MazeRunner\Project2\MR2\MR2\VisualGDB\Debug\arm_biquad_cascade_df1_32x64_init_q31.o
C:\src\Stm32MazeRunner\Project2\MR2\MR2\VisualGDB\Debug\arm_biquad_cascade_df1_32x64_q31.o
C:\src\Stm32MazeRunner\Project2\MR2\MR2\VisualGDB\Debug\arm_biquad_cascade_df1_f32.o
C:\src\Stm32MazeRunner\Project2\MR2\MR2\VisualGDB\Debug\arm_biquad_cascade_df1_fast_q15.o
C:\src\Stm32MazeRunner\Project2\MR2\MR2\VisualGDB\Debug\arm_biquad_cascade_df1_fast_q31.o
C:\src\Stm32MazeRunner\Project2\MR2\MR2\VisualGDB\Debug\arm_biquad_cascade_df1_init_f32.o
C:\src\Stm32MazeRunner\Project2\MR2\MR2\VisualGDB\Debug\arm_biquad_cascade_df1_init_q15.o
C:\src\Stm32MazeRunner\Project2\MR2\MR2\VisualGDB\Debug\arm_biquad_cascade_df1_init_q31.o
C:\src\Stm32MazeRunner\Project2\MR2\MR2\VisualGDB\Debug\arm_biquad_cascade_df1_q15.o
C:\src\Stm32MazeRunner\Project2\MR2\MR2\VisualGDB\Debug\arm_biquad_cascade_df1_q31.o
C:\src\Stm32MazeRunner\Project2\MR2\MR2\VisualGDB\Debug\arm_biquad_cascade_df2T_f32.o
C:\src\Stm32MazeRunner\Project2\MR2\MR2\VisualGDB\Debug\arm_biquad_cascade_df2T_f64.o
C:\src\Stm32MazeRunner\Project2\MR2\MR2\VisualGDB\Debug\arm_biquad_cascade_df2T_init_f32.o
C:\src\Stm32MazeRunner\Project2\MR2\MR2\VisualGDB\Debug\arm_biquad_cascade_df2T_init_f64.o
C:\src\Stm32MazeRunner\Project2\MR2\MR2\VisualGDB\Debug\arm_biquad_cascade_stereo_df2T_f32.o
C:\src\Stm32MazeRunner\Project2\MR2\MR2\VisualGDB\Debug\arm_biquad_cascade_stereo_df2T_init_f32.o
C:\src\Stm32MazeRunner\Project2\MR2\MR2\VisualGDB\Debug\arm_bitreversal.o
C:\src\Stm32MazeRunner\Project2\MR2\MR2\VisualGDB\Debug\arm_cfft_f32.o
C:\src\Stm32MazeRunner\Project2\MR2\MR2\VisualGDB\Debug\arm_cfft_q15.o
C:\src\Stm32MazeRunner\Project2\MR2\MR2\VisualGDB\Debug\arm_cfft_q31.o
C:\src\Stm32MazeRunner\Project2\MR2\MR2\VisualGDB\Debug\arm_cfft_radix2_f32.o
C:\src\Stm32MazeRunner\Project2\MR2\MR2\VisualGDB\Debug\arm_cfft_radix2_init_f32.o
C:\src\Stm32MazeRunner\Project2\MR2\MR2\VisualGDB\Debug\arm_cfft_radix2_init_q15.o
C:\src\Stm32MazeRunner\Project2\MR2\MR2\VisualGDB\Debug\arm_cfft_radix2_init_q31.o
C:\src\Stm32MazeRunner\Project2\MR2\MR2\VisualGDB\Debug\arm_cfft_radix2_q15.o
C:\src\Stm32MazeRunner\Project2\MR2\MR2\VisualGDB\Debug\arm_cfft_radix2_q31.o
C:\src\Stm32MazeRunner\Project2\MR2\MR2\VisualGDB\Debug\arm_cfft_radix4_f32.o
C:\src\Stm32MazeRunner\Project2\MR2\MR2\VisualGDB\Debug\arm_cfft_radix4_init_f32.o
C:\src\Stm32MazeRunner\Project2\MR2\MR2\VisualGDB\Debug\arm_cfft_radix4_init_q15.o
C:\src\Stm32MazeRunner\Project2\MR2\MR2\VisualGDB\Debug\arm_cfft_radix4_init_q31.o
C:\src\Stm32MazeRunner\Project2\MR2\MR2\VisualGDB\Debug\arm_cfft_radix4_q15.o
C:\src\Stm32MazeRunner\Project2\MR2\MR2\VisualGDB\Debug\arm_cfft_radix4_q31.o
C:\src\Stm32MazeRunner\Project2\MR2\MR2\VisualGDB\Debug\arm_cfft_radix8_f32.o
C:\src\Stm32MazeRunner\Project2\MR2\MR2\VisualGDB\Debug\arm_cmplx_conj_f32.o
C:\src\Stm32MazeRunner\Project2\MR2\MR2\VisualGDB\Debug\arm_cmplx_conj_q15.o
C:\src\Stm32MazeRunner\Project2\MR2\MR2\VisualGDB\Debug\arm_cmplx_conj_q31.o
C:\src\Stm32MazeRunner\Project2\MR2\MR2\VisualGDB\Debug\arm_cmplx_dot_prod_f32.o
C:\src\Stm32MazeRunner\Project2\MR2\MR2\VisualGDB\Debug\arm_cmplx_dot_prod_q15.o
C:\src\Stm32MazeRunner\Project2\MR2\MR2\VisualGDB\Debug\arm_cmplx_dot_prod_q31.o
C:\src\Stm32MazeRunner\Project2\MR2\MR2\VisualGDB\Debug\arm_cmplx_mag_f32.o
C:\src\Stm32MazeRunner\Project2\MR2\MR2\VisualGDB\Debug\arm_cmplx_mag_q15.o
C:\src\Stm32MazeRunner\Project2\MR2\MR2\VisualGDB\Debug\arm_cmplx_mag_q31.o
C:\src\Stm32MazeRunner\Project2\MR2\MR2\VisualGDB\Debug\arm_cmplx_mag_squared_f32.o
C:\src\Stm32MazeRunner\Project2\MR2\MR2\VisualGDB\Debug\arm_cmplx_mag_squared_q15.o
C:\src\Stm32MazeRunner\Project2\MR2\MR2\VisualGDB\Debug\arm_cmplx_mag_squared_q31.o
C:\src\Stm32MazeRunner\Project2\MR2\MR2\VisualGDB\Debug\arm_cmplx_mult_cmplx_f32.o
C:\src\Stm32MazeRunner\Project2\MR2\MR2\VisualGDB\Debug\arm_cmplx_mult_cmplx_q15.o
C:\src\Stm32MazeRunner\Project2\MR2\MR2\VisualGDB\Debug\arm_cmplx_mult_cmplx_q31.o
C:\src\Stm32MazeRunner\Project2\MR2\MR2\VisualGDB\Debug\arm_cmplx_mult_real_f32.o
C:\src\Stm32MazeRunner\Project2\MR2\MR2\VisualGDB\Debug\arm_cmplx_mult_real_q15.o
C:\src\Stm32MazeRunner\Project2\MR2\MR2\VisualGDB\Debug\arm_cmplx_mult_real_q31.o
C:\src\Stm32MazeRunner\Project2\MR2\MR2\VisualGDB\Debug\arm_common_tables.o
C:\src\Stm32MazeRunner\Project2\MR2\MR2\VisualGDB\Debug\arm_const_structs.o
C:\src\Stm32MazeRunner\Project2\MR2\MR2\VisualGDB\Debug\arm_conv_f32.o
C:\src\Stm32MazeRunner\Project2\MR2\MR2\VisualGDB\Debug\arm_conv_fast_opt_q15.o
C:\src\Stm32MazeRunner\Project2\MR2\MR2\VisualGDB\Debug\arm_conv_fast_q15.o
C:\src\Stm32MazeRunner\Project2\MR2\MR2\VisualGDB\Debug\arm_conv_fast_q31.o
C:\src\Stm32MazeRunner\Project2\MR2\MR2\VisualGDB\Debug\arm_conv_opt_q15.o
C:\src\Stm32MazeRunner\Project2\MR2\MR2\VisualGDB\Debug\arm_conv_opt_q7.o
C:\src\Stm32MazeRunner\Project2\MR2\MR2\VisualGDB\Debug\arm_conv_partial_f32.o
C:\src\Stm32MazeRunner\Project2\MR2\MR2\VisualGDB\Debug\arm_conv_partial_fast_opt_q15.o
C:\src\Stm32MazeRunner\Project2\MR2\MR2\VisualGDB\Debug\arm_conv_partial_fast_q15.o
C:\src\Stm32MazeRunner\Project2\MR2\MR2\VisualGDB\Debug\arm_conv_partial_fast_q31.o
C:\src\Stm32MazeRunner\Project2\MR2\MR2\VisualGDB\Debug\arm_conv_partial_opt_q15.o
C:\src\Stm32MazeRunner\Project2\MR2\MR2\VisualGDB\Debug\arm_conv_partial_opt_q7.o
C:\src\Stm32MazeRunner\Project2\MR2\MR2\VisualGDB\Debug\arm_conv_partial_q15.o
C:\src\Stm32MazeRunner\Project2\MR2\MR2\VisualGDB\Debug\arm_conv_partial_q31.o
C:\src\Stm32MazeRunner\Project2\MR2\MR2\VisualGDB\Debug\arm_conv_partial_q7.o
C:\src\Stm32MazeRunner\Project2\MR2\MR2\VisualGDB\Debug\arm_conv_q15.o
C:\src\Stm32MazeRunner\Project2\MR2\MR2\VisualGDB\Debug\arm_conv_q31.o
C:\src\Stm32MazeRunner\Project2\MR2\MR2\VisualGDB\Debug\arm_conv_q7.o
C:\src\Stm32MazeRunner\Project2\MR2\MR2\VisualGDB\Debug\arm_copy_f32.o
C:\src\Stm32MazeRunner\Project2\MR2\MR2\VisualGDB\Debug\arm_copy_q15.o
C:\src\Stm32MazeRunner\Project2\MR2\MR2\VisualGDB\Debug\arm_copy_q31.o
C:\src\Stm32MazeRunner\Project2\MR2\MR2\VisualGDB\Debug\arm_copy_q7.o
C:\src\Stm32MazeRunner\Project2\MR2\MR2\VisualGDB\Debug\arm_correlate_f32.o
C:\src\Stm32MazeRunner\Project2\MR2\MR2\VisualGDB\Debug\arm_correlate_fast_opt_q15.o
C:\src\Stm32MazeRunner\Project2\MR2\MR2\VisualGDB\Debug\arm_correlate_fast_q15.o
C:\src\Stm32MazeRunner\Project2\MR2\MR2\VisualGDB\Debug\arm_correlate_fast_q31.o
C:\src\Stm32MazeRunner\Project2\MR2\MR2\VisualGDB\Debug\arm_correlate_opt_q15.o
C:\src\Stm32MazeRunner\Project2\MR2\MR2\VisualGDB\Debug\arm_correlate_opt_q7.o
C:\src\Stm32MazeRunner\Project2\MR2\MR2\VisualGDB\Debug\arm_correlate_q15.o
C:\src\Stm32MazeRunner\Project2\MR2\MR2\VisualGDB\Debug\arm_correlate_q31.o
C:\src\Stm32MazeRunner\Project2\MR2\MR2\VisualGDB\Debug\arm_correlate_q7.o
C:\src\Stm32MazeRunner\Project2\MR2\MR2\VisualGDB\Debug\arm_cos_f32.o
C:\src\Stm32MazeRunner\Project2\MR2\MR2\VisualGDB\Debug\arm_cos_q15.o
C:\src\Stm32MazeRunner\Project2\MR2\MR2\VisualGDB\Debug\arm_cos_q31.o
C:\src\Stm32MazeRunner\Project2\MR2\MR2\VisualGDB\Debug\arm_dct4_f32.o
C:\src\Stm32MazeRunner\Project2\MR2\MR2\VisualGDB\Debug\arm_dct4_init_f32.o
C:\src\Stm32MazeRunner\Project2\MR2\MR2\VisualGDB\Debug\arm_dct4_init_q15.o
C:\src\Stm32MazeRunner\Project2\MR2\MR2\VisualGDB\Debug\arm_dct4_init_q31.o
C:\src\Stm32MazeRunner\Project2\MR2\MR2\VisualGDB\Debug\arm_dct4_q15.o
C:\src\Stm32MazeRunner\Project2\MR2\MR2\VisualGDB\Debug\arm_dct4_q31.o
C:\src\Stm32MazeRunner\Project2\MR2\MR2\VisualGDB\Debug\arm_dot_prod_f32.o
C:\src\Stm32MazeRunner\Project2\MR2\MR2\VisualGDB\Debug\arm_dot_prod_q15.o
C:\src\Stm32MazeRunner\Project2\MR2\MR2\VisualGDB\Debug\arm_dot_prod_q31.o
C:\src\Stm32MazeRunner\Project2\MR2\MR2\VisualGDB\Debug\arm_dot_prod_q7.o
C:\src\Stm32MazeRunner\Project2\MR2\MR2\VisualGDB\Debug\arm_fill_f32.o
C:\src\Stm32MazeRunner\Project2\MR2\MR2\VisualGDB\Debug\arm_fill_q15.o
C:\src\Stm32MazeRunner\Project2\MR2\MR2\VisualGDB\Debug\arm_fill_q31.o
C:\src\Stm32MazeRunner\Project2\MR2\MR2\VisualGDB\Debug\arm_fill_q7.o
C:\src\Stm32MazeRunner\Project2\MR2\MR2\VisualGDB\Debug\arm_fir_decimate_f32.o
C:\src\Stm32MazeRunner\Project2\MR2\MR2\VisualGDB\Debug\arm_fir_decimate_fast_q15.o
C:\src\Stm32MazeRunner\Project2\MR2\MR2\VisualGDB\Debug\arm_fir_decimate_fast_q31.o
C:\src\Stm32MazeRunner\Project2\MR2\MR2\VisualGDB\Debug\arm_fir_decimate_init_f32.o
C:\src\Stm32MazeRunner\Project2\MR2\MR2\VisualGDB\Debug\arm_fir_decimate_init_q15.o
C:\src\Stm32MazeRunner\Project2\MR2\MR2\VisualGDB\Debug\arm_fir_decimate_init_q31.o
C:\src\Stm32MazeRunner\Project2\MR2\MR2\VisualGDB\Debug\arm_fir_decimate_q15.o
C:\src\Stm32MazeRunner\Project2\MR2\MR2\VisualGDB\Debug\arm_fir_decimate_q31.o
C:\src\Stm32MazeRunner\Project2\MR2\MR2\VisualGDB\Debug\arm_fir_f32.o
C:\src\Stm32MazeRunner\Project2\MR2\MR2\VisualGDB\Debug\arm_fir_fast_q15.o
C:\src\Stm32MazeRunner\Project2\MR2\MR2\VisualGDB\Debug\arm_fir_fast_q31.o
C:\src\Stm32MazeRunner\Project2\MR2\MR2\VisualGDB\Debug\arm_fir_init_f32.o
C:\src\Stm32MazeRunner\Project2\MR2\MR2\VisualGDB\Debug\arm_fir_init_q15.o
C:\src\Stm32MazeRunner\Project2\MR2\MR2\VisualGDB\Debug\arm_fir_init_q31.o
C:\src\Stm32MazeRunner\Project2\MR2\MR2\VisualGDB\Debug\arm_fir_init_q7.o
C:\src\Stm32MazeRunner\Project2\MR2\MR2\VisualGDB\Debug\arm_fir_interpolate_f32.o
C:\src\Stm32MazeRunner\Project2\MR2\MR2\VisualGDB\Debug\arm_fir_interpolate_init_f32.o
C:\src\Stm32MazeRunner\Project2\MR2\MR2\VisualGDB\Debug\arm_fir_interpolate_init_q15.o
C:\src\Stm32MazeRunner\Project2\MR2\MR2\VisualGDB\Debug\arm_fir_interpolate_init_q31.o
C:\src\Stm32MazeRunner\Project2\MR2\MR2\VisualGDB\Debug\arm_fir_interpolate_q15.o
C:\src\Stm32MazeRunner\Project2\MR2\MR2\VisualGDB\Debug\arm_fir_interpolate_q31.o
C:\src\Stm32MazeRunner\Project2\MR2\MR2\VisualGDB\Debug\arm_fir_lattice_f32.o
C:\src\Stm32MazeRunner\Project2\MR2\MR2\VisualGDB\Debug\arm_fir_lattice_init_f32.o
C:\src\Stm32MazeRunner\Project2\MR2\MR2\VisualGDB\Debug\arm_fir_lattice_init_q15.o
C:\src\Stm32MazeRunner\Project2\MR2\MR2\VisualGDB\Debug\arm_fir_lattice_init_q31.o
C:\src\Stm32MazeRunner\Project2\MR2\MR2\VisualGDB\Debug\arm_fir_lattice_q15.o
C:\src\Stm32MazeRunner\Project2\MR2\MR2\VisualGDB\Debug\arm_fir_lattice_q31.o
C:\src\Stm32MazeRunner\Project2\MR2\MR2\VisualGDB\Debug\arm_fir_q15.o
C:\src\Stm32MazeRunner\Project2\MR2\MR2\VisualGDB\Debug\arm_fir_q31.o
C:\src\Stm32MazeRunner\Project2\MR2\MR2\VisualGDB\Debug\arm_fir_q7.o
C:\src\Stm32MazeRunner\Project2\MR2\MR2\VisualGDB\Debug\arm_fir_sparse_f32.o
C:\src\Stm32MazeRunner\Project2\MR2\MR2\VisualGDB\Debug\arm_fir_sparse_init_f32.o
C:\src\Stm32MazeRunner\Project2\MR2\MR2\VisualGDB\Debug\arm_fir_sparse_init_q15.o
C:\src\Stm32MazeRunner\Project2\MR2\MR2\VisualGDB\Debug\arm_fir_sparse_init_q31.o
C:\src\Stm32MazeRunner\Project2\MR2\MR2\VisualGDB\Debug\arm_fir_sparse_init_q7.o
C:\src\Stm32MazeRunner\Project2\MR2\MR2\VisualGDB\Debug\arm_fir_sparse_q15.o
C:\src\Stm32MazeRunner\Project2\MR2\MR2\VisualGDB\Debug\arm_fir_sparse_q31.o
C:\src\Stm32MazeRunner\Project2\MR2\MR2\VisualGDB\Debug\arm_fir_sparse_q7.o
C:\src\Stm32MazeRunner\Project2\MR2\MR2\VisualGDB\Debug\arm_float_to_q15.o
C:\src\Stm32MazeRunner\Project2\MR2\MR2\VisualGDB\Debug\arm_float_to_q31.o
C:\src\Stm32MazeRunner\Project2\MR2\MR2\VisualGDB\Debug\arm_float_to_q7.o
C:\src\Stm32MazeRunner\Project2\MR2\MR2\VisualGDB\Debug\arm_iir_lattice_f32.o
C:\src\Stm32MazeRunner\Project2\MR2\MR2\VisualGDB\Debug\arm_iir_lattice_init_f32.o
C:\src\Stm32MazeRunner\Project2\MR2\MR2\VisualGDB\Debug\arm_iir_lattice_init_q15.o
C:\src\Stm32MazeRunner\Project2\MR2\MR2\VisualGDB\Debug\arm_iir_lattice_init_q31.o
C:\src\Stm32MazeRunner\Project2\MR2\MR2\VisualGDB\Debug\arm_iir_lattice_q15.o
C:\src\Stm32MazeRunner\Project2\MR2\MR2\VisualGDB\Debug\arm_iir_lattice_q31.o
C:\src\Stm32MazeRunner\Project2\MR2\MR2\VisualGDB\Debug\arm_lms_f32.o
C:\src\Stm32MazeRunner\Project2\MR2\MR2\VisualGDB\Debug\arm_lms_init_f32.o
C:\src\Stm32MazeRunner\Project2\MR2\MR2\VisualGDB\Debug\arm_lms_init_q15.o
C:\src\Stm32MazeRunner\Project2\MR2\MR2\VisualGDB\Debug\arm_lms_init_q31.o
C:\src\Stm32MazeRunner\Project2\MR2\MR2\VisualGDB\Debug\arm_lms_norm_f32.o
C:\src\Stm32MazeRunner\Project2\MR2\MR2\VisualGDB\Debug\arm_lms_norm_init_f32.o
C:\src\Stm32MazeRunner\Project2\MR2\MR2\VisualGDB\Debug\arm_lms_norm_init_q15.o
C:\src\Stm32MazeRunner\Project2\MR2\MR2\VisualGDB\Debug\arm_lms_norm_init_q31.o
C:\src\Stm32MazeRunner\Project2\MR2\MR2\VisualGDB\Debug\arm_lms_norm_q15.o
C:\src\Stm32MazeRunner\Project2\MR2\MR2\VisualGDB\Debug\arm_lms_norm_q31.o
C:\src\Stm32MazeRunner\Project2\MR2\MR2\VisualGDB\Debug\arm_lms_q15.o
C:\src\Stm32MazeRunner\Project2\MR2\MR2\VisualGDB\Debug\arm_lms_q31.o
C:\src\Stm32MazeRunner\Project2\MR2\MR2\VisualGDB\Debug\arm_mat_add_f32.o
C:\src\Stm32MazeRunner\Project2\MR2\MR2\VisualGDB\Debug\arm_mat_add_q15.o
C:\src\Stm32MazeRunner\Project2\MR2\MR2\VisualGDB\Debug\arm_mat_add_q31.o
C:\src\Stm32MazeRunner\Project2\MR2\MR2\VisualGDB\Debug\arm_mat_cmplx_mult_f32.o
C:\src\Stm32MazeRunner\Project2\MR2\MR2\VisualGDB\Debug\arm_mat_cmplx_mult_q15.o
C:\src\Stm32MazeRunner\Project2\MR2\MR2\VisualGDB\Debug\arm_mat_cmplx_mult_q31.o
C:\src\Stm32MazeRunner\Project2\MR2\MR2\VisualGDB\Debug\arm_mat_init_f32.o
C:\src\Stm32MazeRunner\Project2\MR2\MR2\VisualGDB\Debug\arm_mat_init_q15.o
C:\src\Stm32MazeRunner\Project2\MR2\MR2\VisualGDB\Debug\arm_mat_init_q31.o
C:\src\Stm32MazeRunner\Project2\MR2\MR2\VisualGDB\Debug\arm_mat_inverse_f32.o
C:\src\Stm32MazeRunner\Project2\MR2\MR2\VisualGDB\Debug\arm_mat_inverse_f64.o
C:\src\Stm32MazeRunner\Project2\MR2\MR2\VisualGDB\Debug\arm_mat_mult_f32.o
C:\src\Stm32MazeRunner\Project2\MR2\MR2\VisualGDB\Debug\arm_mat_mult_fast_q15.o
C:\src\Stm32MazeRunner\Project2\MR2\MR2\VisualGDB\Debug\arm_mat_mult_fast_q31.o
C:\src\Stm32MazeRunner\Project2\MR2\MR2\VisualGDB\Debug\arm_mat_mult_q15.o
C:\src\Stm32MazeRunner\Project2\MR2\MR2\VisualGDB\Debug\arm_mat_mult_q31.o
C:\src\Stm32MazeRunner\Project2\MR2\MR2\VisualGDB\Debug\arm_mat_scale_f32.o
C:\src\Stm32MazeRunner\Project2\MR2\MR2\VisualGDB\Debug\arm_mat_scale_q15.o
C:\src\Stm32MazeRunner\Project2\MR2\MR2\VisualGDB\Debug\arm_mat_scale_q31.o
C:\src\Stm32MazeRunner\Project2\MR2\MR2\VisualGDB\Debug\arm_mat_sub_f32.o
C:\src\Stm32MazeRunner\Project2\MR2\MR2\VisualGDB\Debug\arm_mat_sub_q15.o
C:\src\Stm32MazeRunner\Project2\MR2\MR2\VisualGDB\Debug\arm_mat_sub_q31.o
C:\src\Stm32MazeRunner\Project2\MR2\MR2\VisualGDB\Debug\arm_mat_trans_f32.o
C:\src\Stm32MazeRunner\Project2\MR2\MR2\VisualGDB\Debug\arm_mat_trans_q15.o
C:\src\Stm32MazeRunner\Project2\MR2\MR2\VisualGDB\Debug\arm_mat_trans_q31.o
C:\src\Stm32MazeRunner\Project2\MR2\MR2\VisualGDB\Debug\arm_max_f32.o
C:\src\Stm32MazeRunner\Project2\MR2\MR2\VisualGDB\Debug\arm_max_q15.o
C:\src\Stm32MazeRunner\Project2\MR2\MR2\VisualGDB\Debug\arm_max_q31.o
C:\src\Stm32MazeRunner\Project2\MR2\MR2\VisualGDB\Debug\arm_max_q7.o
C:\src\Stm32MazeRunner\Project2\MR2\MR2\VisualGDB\Debug\arm_mean_f32.o
C:\src\Stm32MazeRunner\Project2\MR2\MR2\VisualGDB\Debug\arm_mean_q15.o
C:\src\Stm32MazeRunner\Project2\MR2\MR2\VisualGDB\Debug\arm_mean_q31.o
C:\src\Stm32MazeRunner\Project2\MR2\MR2\VisualGDB\Debug\arm_mean_q7.o
C:\src\Stm32MazeRunner\Project2\MR2\MR2\VisualGDB\Debug\arm_min_f32.o
C:\src\Stm32MazeRunner\Project2\MR2\MR2\VisualGDB\Debug\arm_min_q15.o
C:\src\Stm32MazeRunner\Project2\MR2\MR2\VisualGDB\Debug\arm_min_q31.o
C:\src\Stm32MazeRunner\Project2\MR2\MR2\VisualGDB\Debug\arm_min_q7.o
C:\src\Stm32MazeRunner\Project2\MR2\MR2\VisualGDB\Debug\arm_mult_f32.o
C:\src\Stm32MazeRunner\Project2\MR2\MR2\VisualGDB\Debug\arm_mult_q15.o
C:\src\Stm32MazeRunner\Project2\MR2\MR2\VisualGDB\Debug\arm_mult_q31.o
C:\src\Stm32MazeRunner\Project2\MR2\MR2\VisualGDB\Debug\arm_mult_q7.o
C:\src\Stm32MazeRunner\Project2\MR2\MR2\VisualGDB\Debug\arm_negate_f32.o
C:\src\Stm32MazeRunner\Project2\MR2\MR2\VisualGDB\Debug\arm_negate_q15.o
C:\src\Stm32MazeRunner\Project2\MR2\MR2\VisualGDB\Debug\arm_negate_q31.o
C:\src\Stm32MazeRunner\Project2\MR2\MR2\VisualGDB\Debug\arm_negate_q7.o
C:\src\Stm32MazeRunner\Project2\MR2\MR2\VisualGDB\Debug\arm_offset_f32.o
C:\src\Stm32MazeRunner\Project2\MR2\MR2\VisualGDB\Debug\arm_offset_q15.o
C:\src\Stm32MazeRunner\Project2\MR2\MR2\VisualGDB\Debug\arm_offset_q31.o
C:\src\Stm32MazeRunner\Project2\MR2\MR2\VisualGDB\Debug\arm_offset_q7.o
C:\src\Stm32MazeRunner\Project2\MR2\MR2\VisualGDB\Debug\arm_pid_init_f32.o
C:\src\Stm32MazeRunner\Project2\MR2\MR2\VisualGDB\Debug\arm_pid_init_q15.o
C:\src\Stm32MazeRunner\Project2\MR2\MR2\VisualGDB\Debug\arm_pid_init_q31.o
C:\src\Stm32MazeRunner\Project2\MR2\MR2\VisualGDB\Debug\arm_pid_reset_f32.o
C:\src\Stm32MazeRunner\Project2\MR2\MR2\VisualGDB\Debug\arm_pid_reset_q15.o
C:\src\Stm32MazeRunner\Project2\MR2\MR2\VisualGDB\Debug\arm_pid_reset_q31.o
C:\src\Stm32MazeRunner\Project2\MR2\MR2\VisualGDB\Debug\arm_power_f32.o
C:\src\Stm32MazeRunner\Project2\MR2\MR2\VisualGDB\Debug\arm_power_q15.o
C:\src\Stm32MazeRunner\Project2\MR2\MR2\VisualGDB\Debug\arm_power_q31.o
C:\src\Stm32MazeRunner\Project2\MR2\MR2\VisualGDB\Debug\arm_power_q7.o
C:\src\Stm32MazeRunner\Project2\MR2\MR2\VisualGDB\Debug\arm_q15_to_float.o
C:\src\Stm32MazeRunner\Project2\MR2\MR2\VisualGDB\Debug\arm_q15_to_q31.o
C:\src\Stm32MazeRunner\Project2\MR2\MR2\VisualGDB\Debug\arm_q15_to_q7.o
C:\src\Stm32MazeRunner\Project2\MR2\MR2\VisualGDB\Debug\arm_q31_to_float.o
C:\src\Stm32MazeRunner\Project2\MR2\MR2\VisualGDB\Debug\arm_q31_to_q15.o
C:\src\Stm32MazeRunner\Project2\MR2\MR2\VisualGDB\Debug\arm_q31_to_q7.o
C:\src\Stm32MazeRunner\Project2\MR2\MR2\VisualGDB\Debug\arm_q7_to_float.o
C:\src\Stm32MazeRunner\Project2\MR2\MR2\VisualGDB\Debug\arm_q7_to_q15.o
C:\src\Stm32MazeRunner\Project2\MR2\MR2\VisualGDB\Debug\arm_q7_to_q31.o
C:\src\Stm32MazeRunner\Project2\MR2\MR2\VisualGDB\Debug\arm_rfft_f32.o
C:\src\Stm32MazeRunner\Project2\MR2\MR2\VisualGDB\Debug\arm_rfft_fast_f32.o
C:\src\Stm32MazeRunner\Project2\MR2\MR2\VisualGDB\Debug\arm_rfft_fast_init_f32.o
C:\src\Stm32MazeRunner\Project2\MR2\MR2\VisualGDB\Debug\arm_rfft_init_f32.o
C:\src\Stm32MazeRunner\Project2\MR2\MR2\VisualGDB\Debug\arm_rfft_init_q15.o
C:\src\Stm32MazeRunner\Project2\MR2\MR2\VisualGDB\Debug\arm_rfft_init_q31.o
C:\src\Stm32MazeRunner\Project2\MR2\MR2\VisualGDB\Debug\arm_rfft_q15.o
C:\src\Stm32MazeRunner\Project2\MR2\MR2\VisualGDB\Debug\arm_rfft_q31.o
C:\src\Stm32MazeRunner\Project2\MR2\MR2\VisualGDB\Debug\arm_rms_f32.o
C:\src\Stm32MazeRunner\Project2\MR2\MR2\VisualGDB\Debug\arm_rms_q15.o
C:\src\Stm32MazeRunner\Project2\MR2\MR2\VisualGDB\Debug\arm_rms_q31.o
C:\src\Stm32MazeRunner\Project2\MR2\MR2\VisualGDB\Debug\arm_scale_f32.o
C:\src\Stm32MazeRunner\Project2\MR2\MR2\VisualGDB\Debug\arm_scale_q15.o
C:\src\Stm32MazeRunner\Project2\MR2\MR2\VisualGDB\Debug\arm_scale_q31.o
C:\src\Stm32MazeRunner\Project2\MR2\MR2\VisualGDB\Debug\arm_scale_q7.o
C:\src\Stm32MazeRunner\Project2\MR2\MR2\VisualGDB\Debug\arm_shift_q15.o
C:\src\Stm32MazeRunner\Project2\MR2\MR2\VisualGDB\Debug\arm_shift_q31.o
C:\src\Stm32MazeRunner\Project2\MR2\MR2\VisualGDB\Debug\arm_shift_q7.o
C:\src\Stm32MazeRunner\Project2\MR2\MR2\VisualGDB\Debug\arm_sin_cos_f32.o
C:\src\Stm32MazeRunner\Project2\MR2\MR2\VisualGDB\Debug\arm_sin_cos_q31.o
C:\src\Stm32MazeRunner\Project2\MR2\MR2\VisualGDB\Debug\arm_sin_f32.o
C:\src\Stm32MazeRunner\Project2\MR2\MR2\VisualGDB\Debug\arm_sin_q15.o
C:\src\Stm32MazeRunner\Project2\MR2\MR2\VisualGDB\Debug\arm_sin_q31.o
C:\src\Stm32MazeRunner\Project2\MR2\MR2\VisualGDB\Debug\arm_sqrt_q15.o
C:\src\Stm32MazeRunner\Project2\MR2\MR2\VisualGDB\Debug\arm_sqrt_q31.o
C:\src\Stm32MazeRunner\Project2\MR2\MR2\VisualGDB\Debug\arm_std_f32.o
C:\src\Stm32MazeRunner\Project2\MR2\MR2\VisualGDB\Debug\arm_std_q15.o
C:\src\Stm32MazeRunner\Project2\MR2\MR2\VisualGDB\Debug\arm_std_q31.o
C:\src\Stm32MazeRunner\Project2\MR2\MR2\VisualGDB\Debug\arm_sub_f32.o
C:\src\Stm32MazeRunner\Project2\MR2\MR2\VisualGDB\Debug\arm_sub_q15.o
C:\src\Stm32MazeRunner\Project2\MR2\MR2\VisualGDB\Debug\arm_sub_q31.o
C:\src\Stm32MazeRunner\Project2\MR2\MR2\VisualGDB\Debug\arm_sub_q7.o
C:\src\Stm32MazeRunner\Project2\MR2\MR2\VisualGDB\Debug\arm_var_f32.o
C:\src\Stm32MazeRunner\Project2\MR2\MR2\VisualGDB\Debug\arm_var_q15.o
C:\src\Stm32MazeRunner\Project2\MR2\MR2\VisualGDB\Debug\arm_var_q31.o
C:\src\Stm32MazeRunner\Project2\MR2\MR2\VisualGDB\Debug\cmsis_os.o
C:\src\Stm32MazeRunner\Project2\MR2\MR2\VisualGDB\Debug\croutine.o
C:\src\Stm32MazeRunner\Project2\MR2\MR2\VisualGDB\Debug\event_groups.o
C:\src\Stm32MazeRunner\Project2\MR2\MR2\VisualGDB\Debug\freertos.o
C:\src\Stm32MazeRunner\Project2\MR2\MR2\VisualGDB\Debug\gpio.o
C:\src\Stm32MazeRunner\Project2\MR2\MR2\VisualGDB\Debug\heap_4.o
C:\src\Stm32MazeRunner\Project2\MR2\MR2\VisualGDB\Debug\iwdg.o
C:\src\Stm32MazeRunner\Project2\MR2\MR2\VisualGDB\Debug\list.o
C:\src\Stm32MazeRunner\Project2\MR2\MR2\VisualGDB\Debug\main.o
C:\src\Stm32MazeRunner\Project2\MR2\MR2\VisualGDB\Debug\port.o
C:\src\Stm32MazeRunner\Project2\MR2\MR2\VisualGDB\Debug\queue.o
C:\src\Stm32MazeRunner\Project2\MR2\MR2\VisualGDB\Debug\rtc.o
C:\src\Stm32MazeRunner\Project2\MR2\MR2\VisualGDB\Debug\stm32l4xx_hal.o
C:\src\Stm32MazeRunner\Project2\MR2\MR2\VisualGDB\Debug\stm32l4xx_hal_adc.o
C:\src\Stm32MazeRunner\Project2\MR2\MR2\VisualGDB\Debug\stm32l4xx_hal_adc_ex.o
C:\src\Stm32MazeRunner\Project2\MR2\MR2\VisualGDB\Debug\stm32l4xx_hal_can.o
C:\src\Stm32MazeRunner\Project2\MR2\MR2\VisualGDB\Debug\stm32l4xx_hal_comp.o
C:\src\Stm32MazeRunner\Project2\MR2\MR2\VisualGDB\Debug\stm32l4xx_hal_cortex.o
C:\src\Stm32MazeRunner\Project2\MR2\MR2\VisualGDB\Debug\stm32l4xx_hal_crc.o
C:\src\Stm32MazeRunner\Project2\MR2\MR2\VisualGDB\Debug\stm32l4xx_hal_crc_ex.o
C:\src\Stm32MazeRunner\Project2\MR2\MR2\VisualGDB\Debug\stm32l4xx_hal_cryp.o
C:\src\Stm32MazeRunner\Project2\MR2\MR2\VisualGDB\Debug\stm32l4xx_hal_cryp_ex.o
C:\src\Stm32MazeRunner\Project2\MR2\MR2\VisualGDB\Debug\stm32l4xx_hal_dac.o
C:\src\Stm32MazeRunner\Project2\MR2\MR2\VisualGDB\Debug\stm32l4xx_hal_dac_ex.o
C:\src\Stm32MazeRunner\Project2\MR2\MR2\VisualGDB\Debug\stm32l4xx_hal_dcmi.o
C:\src\Stm32MazeRunner\Project2\MR2\MR2\VisualGDB\Debug\stm32l4xx_hal_dfsdm.o
C:\src\Stm32MazeRunner\Project2\MR2\MR2\VisualGDB\Debug\stm32l4xx_hal_dfsdm_ex.o
C:\src\Stm32MazeRunner\Project2\MR2\MR2\VisualGDB\Debug\stm32l4xx_hal_dma.o
C:\src\Stm32MazeRunner\Project2\MR2\MR2\VisualGDB\Debug\stm32l4xx_hal_dma2d.o
C:\src\Stm32MazeRunner\Project2\MR2\MR2\VisualGDB\Debug\stm32l4xx_hal_dma_ex.o
C:\src\Stm32MazeRunner\Project2\MR2\MR2\VisualGDB\Debug\stm32l4xx_hal_dsi.o
C:\src\Stm32MazeRunner\Project2\MR2\MR2\VisualGDB\Debug\stm32l4xx_hal_exti.o
C:\src\Stm32MazeRunner\Project2\MR2\MR2\VisualGDB\Debug\stm32l4xx_hal_firewall.o
C:\src\Stm32MazeRunner\Project2\MR2\MR2\VisualGDB\Debug\stm32l4xx_hal_flash.o
C:\src\Stm32MazeRunner\Project2\MR2\MR2\VisualGDB\Debug\stm32l4xx_hal_flash_ex.o
C:\src\Stm32MazeRunner\Project2\MR2\MR2\VisualGDB\Debug\stm32l4xx_hal_flash_ramfunc.o
C:\src\Stm32MazeRunner\Project2\MR2\MR2\VisualGDB\Debug\stm32l4xx_hal_gfxmmu.o
C:\src\Stm32MazeRunner\Project2\MR2\MR2\VisualGDB\Debug\stm32l4xx_hal_gpio.o
C:\src\Stm32MazeRunner\Project2\MR2\MR2\VisualGDB\Debug\stm32l4xx_hal_hash.o
C:\src\Stm32MazeRunner\Project2\MR2\MR2\VisualGDB\Debug\stm32l4xx_hal_hash_ex.o
C:\src\Stm32MazeRunner\Project2\MR2\MR2\VisualGDB\Debug\stm32l4xx_hal_hcd.o
C:\src\Stm32MazeRunner\Project2\MR2\MR2\VisualGDB\Debug\stm32l4xx_hal_i2c.o
C:\src\Stm32MazeRunner\Project2\MR2\MR2\VisualGDB\Debug\stm32l4xx_hal_i2c_ex.o
C:\src\Stm32MazeRunner\Project2\MR2\MR2\VisualGDB\Debug\stm32l4xx_hal_irda.o
C:\src\Stm32MazeRunner\Project2\MR2\MR2\VisualGDB\Debug\stm32l4xx_hal_iwdg.o
C:\src\Stm32MazeRunner\Project2\MR2\MR2\VisualGDB\Debug\stm32l4xx_hal_lcd.o
C:\src\Stm32MazeRunner\Project2\MR2\MR2\VisualGDB\Debug\stm32l4xx_hal_lptim.o
C:\src\Stm32MazeRunner\Project2\MR2\MR2\VisualGDB\Debug\stm32l4xx_hal_ltdc.o
C:\src\Stm32MazeRunner\Project2\MR2\MR2\VisualGDB\Debug\stm32l4xx_hal_ltdc_ex.o
C:\src\Stm32MazeRunner\Project2\MR2\MR2\VisualGDB\Debug\stm32l4xx_hal_msp.o
C:\src\Stm32MazeRunner\Project2\MR2\MR2\VisualGDB\Debug\stm32l4xx_hal_msp_template.o
C:\src\Stm32MazeRunner\Project2\MR2\MR2\VisualGDB\Debug\stm32l4xx_hal_nand.o
C:\src\Stm32MazeRunner\Project2\MR2\MR2\VisualGDB\Debug\stm32l4xx_hal_nor.o
C:\src\Stm32MazeRunner\Project2\MR2\MR2\VisualGDB\Debug\stm32l4xx_hal_opamp.o
C:\src\Stm32MazeRunner\Project2\MR2\MR2\VisualGDB\Debug\stm32l4xx_hal_opamp_ex.o
C:\src\Stm32MazeRunner\Project2\MR2\MR2\VisualGDB\Debug\stm32l4xx_hal_ospi.o
C:\src\Stm32MazeRunner\Project2\MR2\MR2\VisualGDB\Debug\stm32l4xx_hal_pcd.o
C:\src\Stm32MazeRunner\Project2\MR2\MR2\VisualGDB\Debug\stm32l4xx_hal_pcd_ex.o
C:\src\Stm32MazeRunner\Project2\MR2\MR2\VisualGDB\Debug\stm32l4xx_hal_pwr.o
C:\src\Stm32MazeRunner\Project2\MR2\MR2\VisualGDB\Debug\stm32l4xx_hal_pwr_ex.o
C:\src\Stm32MazeRunner\Project2\MR2\MR2\VisualGDB\Debug\stm32l4xx_hal_qspi.o
C:\src\Stm32MazeRunner\Project2\MR2\MR2\VisualGDB\Debug\stm32l4xx_hal_rcc.o
C:\src\Stm32MazeRunner\Project2\MR2\MR2\VisualGDB\Debug\stm32l4xx_hal_rcc_ex.o
C:\src\Stm32MazeRunner\Project2\MR2\MR2\VisualGDB\Debug\stm32l4xx_hal_rng.o
C:\src\Stm32MazeRunner\Project2\MR2\MR2\VisualGDB\Debug\stm32l4xx_hal_rtc.o
C:\src\Stm32MazeRunner\Project2\MR2\MR2\VisualGDB\Debug\stm32l4xx_hal_rtc_ex.o
C:\src\Stm32MazeRunner\Project2\MR2\MR2\VisualGDB\Debug\stm32l4xx_hal_sai.o
C:\src\Stm32MazeRunner\Project2\MR2\MR2\VisualGDB\Debug\stm32l4xx_hal_sai_ex.o
C:\src\Stm32MazeRunner\Project2\MR2\MR2\VisualGDB\Debug\stm32l4xx_hal_sd.o
C:\src\Stm32MazeRunner\Project2\MR2\MR2\VisualGDB\Debug\stm32l4xx_hal_sd_ex.o
C:\src\Stm32MazeRunner\Project2\MR2\MR2\VisualGDB\Debug\stm32l4xx_hal_smartcard.o
C:\src\Stm32MazeRunner\Project2\MR2\MR2\VisualGDB\Debug\stm32l4xx_hal_smartcard_ex.o
C:\src\Stm32MazeRunner\Project2\MR2\MR2\VisualGDB\Debug\stm32l4xx_hal_smbus.o
C:\src\Stm32MazeRunner\Project2\MR2\MR2\VisualGDB\Debug\stm32l4xx_hal_spi.o
C:\src\Stm32MazeRunner\Project2\MR2\MR2\VisualGDB\Debug\stm32l4xx_hal_spi_ex.o
C:\src\Stm32MazeRunner\Project2\MR2\MR2\VisualGDB\Debug\stm32l4xx_hal_sram.o
C:\src\Stm32MazeRunner\Project2\MR2\MR2\VisualGDB\Debug\stm32l4xx_hal_swpmi.o
C:\src\Stm32MazeRunner\Project2\MR2\MR2\VisualGDB\Debug\stm32l4xx_hal_tim.o
C:\src\Stm32MazeRunner\Project2\MR2\MR2\VisualGDB\Debug\stm32l4xx_hal_timebase_tim_template.o
C:\src\Stm32MazeRunner\Project2\MR2\MR2\VisualGDB\Debug\stm32l4xx_hal_tim_ex.o
C:\src\Stm32MazeRunner\Project2\MR2\MR2\VisualGDB\Debug\stm32l4xx_hal_tsc.o
C:\src\Stm32MazeRunner\Project2\MR2\MR2\VisualGDB\Debug\stm32l4xx_hal_uart.o
C:\src\Stm32MazeRunner\Project2\MR2\MR2\VisualGDB\Debug\stm32l4xx_hal_uart_ex.o
C:\src\Stm32MazeRunner\Project2\MR2\MR2\VisualGDB\Debug\stm32l4xx_hal_usart.o
C:\src\Stm32MazeRunner\Project2\MR2\MR2\VisualGDB\Debug\stm32l4xx_hal_usart_ex.o
C:\src\Stm32MazeRunner\Project2\MR2\MR2\VisualGDB\Debug\stm32l4xx_hal_wwdg.o
C:\src\Stm32MazeRunner\Project2\MR2\MR2\VisualGDB\Debug\stm32l4xx_it.o
C:\src\Stm32MazeRunner\Project2\MR2\MR2\VisualGDB\Debug\stm32l4xx_ll_adc.o
C:\src\Stm32MazeRunner\Project2\MR2\MR2\VisualGDB\Debug\stm32l4xx_ll_comp.o
C:\src\Stm32MazeRunner\Project2\MR2\MR2\VisualGDB\Debug\stm32l4xx_ll_crc.o
C:\src\Stm32MazeRunner\Project2\MR2\MR2\VisualGDB\Debug\stm32l4xx_ll_crs.o
C:\src\Stm32MazeRunner\Project2\MR2\MR2\VisualGDB\Debug\stm32l4xx_ll_dac.o
C:\src\Stm32MazeRunner\Project2\MR2\MR2\VisualGDB\Debug\stm32l4xx_ll_dma.o
C:\src\Stm32MazeRunner\Project2\MR2\MR2\VisualGDB\Debug\stm32l4xx_ll_dma2d.o
C:\src\Stm32MazeRunner\Project2\MR2\MR2\VisualGDB\Debug\stm32l4xx_ll_exti.o
C:\src\Stm32MazeRunner\Project2\MR2\MR2\VisualGDB\Debug\stm32l4xx_ll_fmc.o
C:\src\Stm32MazeRunner\Project2\MR2\MR2\VisualGDB\Debug\stm32l4xx_ll_gpio.o
C:\src\Stm32MazeRunner\Project2\MR2\MR2\VisualGDB\Debug\stm32l4xx_ll_i2c.o
C:\src\Stm32MazeRunner\Project2\MR2\MR2\VisualGDB\Debug\stm32l4xx_ll_lptim.o
C:\src\Stm32MazeRunner\Project2\MR2\MR2\VisualGDB\Debug\stm32l4xx_ll_lpuart.o
C:\src\Stm32MazeRunner\Project2\MR2\MR2\VisualGDB\Debug\stm32l4xx_ll_opamp.o
C:\src\Stm32MazeRunner\Project2\MR2\MR2\VisualGDB\Debug\stm32l4xx_ll_pwr.o
C:\src\Stm32MazeRunner\Project2\MR2\MR2\VisualGDB\Debug\stm32l4xx_ll_rcc.o
C:\src\Stm32MazeRunner\Project2\MR2\MR2\VisualGDB\Debug\stm32l4xx_ll_rng.o
C:\src\Stm32MazeRunner\Project2\MR2\MR2\VisualGDB\Debug\stm32l4xx_ll_rtc.o
C:\src\Stm32MazeRunner\Project2\MR2\MR2\VisualGDB\Debug\stm32l4xx_ll_sdmmc.o
C:\src\Stm32MazeRunner\Project2\MR2\MR2\VisualGDB\Debug\stm32l4xx_ll_spi.o
C:\src\Stm32MazeRunner\Project2\MR2\MR2\VisualGDB\Debug\stm32l4xx_ll_swpmi.o
C:\src\Stm32MazeRunner\Project2\MR2\MR2\VisualGDB\Debug\stm32l4xx_ll_tim.o
C:\src\Stm32MazeRunner\Project2\MR2\MR2\VisualGDB\Debug\stm32l4xx_ll_usart.o
C:\src\Stm32MazeRunner\Project2\MR2\MR2\VisualGDB\Debug\stm32l4xx_ll_usb.o
C:\src\Stm32MazeRunner\Project2\MR2\MR2\VisualGDB\Debug\stm32l4xx_ll_utils.o
C:\src\Stm32MazeRunner\Project2\MR2\MR2\VisualGDB\Debug\stream_buffer.o
C:\src\Stm32MazeRunner\Project2\MR2\MR2\VisualGDB\Debug\system_stm32l4xx.o
C:\src\Stm32MazeRunner\Project2\MR2\MR2\VisualGDB\Debug\tasks.o
C:\src\Stm32MazeRunner\Project2\MR2\MR2\VisualGDB\Debug\tim.o
C:\src\Stm32MazeRunner\Project2\MR2\MR2\VisualGDB\Debug\timers.o
C:\src\Stm32MazeRunner\Project2\MR2\MR2\VisualGDB\Debug\usart.o
C:\src\Stm32MazeRunner\Project2\MR2\MR2\VisualGDB\Debug\adc.dep
C:\src\Stm32MazeRunner\Project2\MR2\MR2\VisualGDB\Debug\arm_abs_f32.dep
C:\src\Stm32MazeRunner\Project2\MR2\MR2\VisualGDB\Debug\arm_abs_q15.dep
C:\src\Stm32MazeRunner\Project2\MR2\MR2\VisualGDB\Debug\arm_abs_q31.dep
C:\src\Stm32MazeRunner\Project2\MR2\MR2\VisualGDB\Debug\arm_abs_q7.dep
C:\src\Stm32MazeRunner\Project2\MR2\MR2\VisualGDB\Debug\arm_add_f32.dep
C:\src\Stm32MazeRunner\Project2\MR2\MR2\VisualGDB\Debug\arm_add_q15.dep
C:\src\Stm32MazeRunner\Project2\MR2\MR2\VisualGDB\Debug\arm_add_q31.dep
C:\src\Stm32MazeRunner\Project2\MR2\MR2\VisualGDB\Debug\arm_add_q7.dep
C:\src\Stm32MazeRunner\Project2\MR2\MR2\VisualGDB\Debug\arm_biquad_cascade_df1_32x64_init_q31.dep
C:\src\Stm32MazeRunner\Project2\MR2\MR2\VisualGDB\Debug\arm_biquad_cascade_df1_32x64_q31.dep
C:\src\Stm32MazeRunner\Project2\MR2\MR2\VisualGDB\Debug\arm_biquad_cascade_df1_f32.dep
C:\src\Stm32MazeRunner\Project2\MR2\MR2\VisualGDB\Debug\arm_biquad_cascade_df1_fast_q15.dep
C:\src\Stm32MazeRunner\Project2\MR2\MR2\VisualGDB\Debug\arm_biquad_cascade_df1_fast_q31.dep
C:\src\Stm32MazeRunner\Project2\MR2\MR2\VisualGDB\Debug\arm_biquad_cascade_df1_init_f32.dep
C:\src\Stm32MazeRunner\Project2\MR2\MR2\VisualGDB\Debug\arm_biquad_cascade_df1_init_q15.dep
C:\src\Stm32MazeRunner\Project2\MR2\MR2\VisualGDB\Debug\arm_biquad_cascade_df1_init_q31.dep
C:\src\Stm32MazeRunner\Project2\MR2\MR2\VisualGDB\Debug\arm_biquad_cascade_df1_q15.dep
C:\src\Stm32MazeRunner\Project2\MR2\MR2\VisualGDB\Debug\arm_biquad_cascade_df1_q31.dep
C:\src\Stm32MazeRunner\Project2\MR2\MR2\VisualGDB\Debug\arm_biquad_cascade_df2T_f32.dep
C:\src\Stm32MazeRunner\Project2\MR2\MR2\VisualGDB\Debug\arm_biquad_cascade_df2T_f64.dep
C:\src\Stm32MazeRunner\Project2\MR2\MR2\VisualGDB\Debug\arm_biquad_cascade_df2T_init_f32.dep
C:\src\Stm32MazeRunner\Project2\MR2\MR2\VisualGDB\Debug\arm_biquad_cascade_df2T_init_f64.dep
C:\src\Stm32MazeRunner\Project2\MR2\MR2\VisualGDB\Debug\arm_biquad_cascade_stereo_df2T_f32.dep
C:\src\Stm32MazeRunner\Project2\MR2\MR2\VisualGDB\Debug\arm_biquad_cascade_stereo_df2T_init_f32.dep
C:\src\Stm32MazeRunner\Project2\MR2\MR2\VisualGDB\Debug\arm_bitreversal.dep
C:\src\Stm32MazeRunner\Project2\MR2\MR2\VisualGDB\Debug\arm_cfft_f32.dep
C:\src\Stm32MazeRunner\Project2\MR2\MR2\VisualGDB\Debug\arm_cfft_q15.dep
C:\src\Stm32MazeRunner\Project2\MR2\MR2\VisualGDB\Debug\arm_cfft_q31.dep
C:\src\Stm32MazeRunner\Project2\MR2\MR2\VisualGDB\Debug\arm_cfft_radix2_f32.dep
C:\src\Stm32MazeRunner\Project2\MR2\MR2\VisualGDB\Debug\arm_cfft_radix2_init_f32.dep
C:\src\Stm32MazeRunner\Project2\MR2\MR2\VisualGDB\Debug\arm_cfft_radix2_init_q15.dep
C:\src\Stm32MazeRunner\Project2\MR2\MR2\VisualGDB\Debug\arm_cfft_radix2_init_q31.dep
C:\src\Stm32MazeRunner\Project2\MR2\MR2\VisualGDB\Debug\arm_cfft_radix2_q15.dep
C:\src\Stm32MazeRunner\Project2\MR2\MR2\VisualGDB\Debug\arm_cfft_radix2_q31.dep
C:\src\Stm32MazeRunner\Project2\MR2\MR2\VisualGDB\Debug\arm_cfft_radix4_f32.dep
C:\src\Stm32MazeRunner\Project2\MR2\MR2\VisualGDB\Debug\arm_cfft_radix4_init_f32.dep
C:\src\Stm32MazeRunner\Project2\MR2\MR2\VisualGDB\Debug\arm_cfft_radix4_init_q15.dep
C:\src\Stm32MazeRunner\Project2\MR2\MR2\VisualGDB\Debug\arm_cfft_radix4_init_q31.dep
C:\src\Stm32MazeRunner\Project2\MR2\MR2\VisualGDB\Debug\arm_cfft_radix4_q15.dep
C:\src\Stm32MazeRunner\Project2\MR2\MR2\VisualGDB\Debug\arm_cfft_radix4_q31.dep
C:\src\Stm32MazeRunner\Project2\MR2\MR2\VisualGDB\Debug\arm_cfft_radix8_f32.dep
C:\src\Stm32MazeRunner\Project2\MR2\MR2\VisualGDB\Debug\arm_cmplx_conj_f32.dep
C:\src\Stm32MazeRunner\Project2\MR2\MR2\VisualGDB\Debug\arm_cmplx_conj_q15.dep
C:\src\Stm32MazeRunner\Project2\MR2\MR2\VisualGDB\Debug\arm_cmplx_conj_q31.dep
C:\src\Stm32MazeRunner\Project2\MR2\MR2\VisualGDB\Debug\arm_cmplx_dot_prod_f32.dep
C:\src\Stm32MazeRunner\Project2\MR2\MR2\VisualGDB\Debug\arm_cmplx_dot_prod_q15.dep
C:\src\Stm32MazeRunner\Project2\MR2\MR2\VisualGDB\Debug\arm_cmplx_dot_prod_q31.dep
C:\src\Stm32MazeRunner\Project2\MR2\MR2\VisualGDB\Debug\arm_cmplx_mag_f32.dep
C:\src\Stm32MazeRunner\Project2\MR2\MR2\VisualGDB\Debug\arm_cmplx_mag_q15.dep
C:\src\Stm32MazeRunner\Project2\MR2\MR2\VisualGDB\Debug\arm_cmplx_mag_q31.dep
C:\src\Stm32MazeRunner\Project2\MR2\MR2\VisualGDB\Debug\arm_cmplx_mag_squared_f32.dep
C:\src\Stm32MazeRunner\Project2\MR2\MR2\VisualGDB\Debug\arm_cmplx_mag_squared_q15.dep
C:\src\Stm32MazeRunner\Project2\MR2\MR2\VisualGDB\Debug\arm_cmplx_mag_squared_q31.dep
C:\src\Stm32MazeRunner\Project2\MR2\MR2\VisualGDB\Debug\arm_cmplx_mult_cmplx_f32.dep
C:\src\Stm32MazeRunner\Project2\MR2\MR2\VisualGDB\Debug\arm_cmplx_mult_cmplx_q15.dep
C:\src\Stm32MazeRunner\Project2\MR2\MR2\VisualGDB\Debug\arm_cmplx_mult_cmplx_q31.dep
C:\src\Stm32MazeRunner\Project2\MR2\MR2\VisualGDB\Debug\arm_cmplx_mult_real_f32.dep
C:\src\Stm32MazeRunner\Project2\MR2\MR2\VisualGDB\Debug\arm_cmplx_mult_real_q15.dep
C:\src\Stm32MazeRunner\Project2\MR2\MR2\VisualGDB\Debug\arm_cmplx_mult_real_q31.dep
C:\src\Stm32MazeRunner\Project2\MR2\MR2\VisualGDB\Debug\arm_common_tables.dep
C:\src\Stm32MazeRunner\Project2\MR2\MR2\VisualGDB\Debug\arm_const_structs.dep
C:\src\Stm32MazeRunner\Project2\MR2\MR2\VisualGDB\Debug\arm_conv_f32.dep
C:\src\Stm32MazeRunner\Project2\MR2\MR2\VisualGDB\Debug\arm_conv_fast_opt_q15.dep
C:\src\Stm32MazeRunner\Project2\MR2\MR2\VisualGDB\Debug\arm_conv_fast_q15.dep
C:\src\Stm32MazeRunner\Project2\MR2\MR2\VisualGDB\Debug\arm_conv_fast_q31.dep
C:\src\Stm32MazeRunner\Project2\MR2\MR2\VisualGDB\Debug\arm_conv_opt_q15.dep
C:\src\Stm32MazeRunner\Project2\MR2\MR2\VisualGDB\Debug\arm_conv_opt_q7.dep
C:\src\Stm32MazeRunner\Project2\MR2\MR2\VisualGDB\Debug\arm_conv_partial_f32.dep
C:\src\Stm32MazeRunner\Project2\MR2\MR2\VisualGDB\Debug\arm_conv_partial_fast_opt_q15.dep
C:\src\Stm32MazeRunner\Project2\MR2\MR2\VisualGDB\Debug\arm_conv_partial_fast_q15.dep
C:\src\Stm32MazeRunner\Project2\MR2\MR2\VisualGDB\Debug\arm_conv_partial_fast_q31.dep
C:\src\Stm32MazeRunner\Project2\MR2\MR2\VisualGDB\Debug\arm_conv_partial_opt_q15.dep
C:\src\Stm32MazeRunner\Project2\MR2\MR2\VisualGDB\Debug\arm_conv_partial_opt_q7.dep
C:\src\Stm32MazeRunner\Project2\MR2\MR2\VisualGDB\Debug\arm_conv_partial_q15.dep
C:\src\Stm32MazeRunner\Project2\MR2\MR2\VisualGDB\Debug\arm_conv_partial_q31.dep
C:\src\Stm32MazeRunner\Project2\MR2\MR2\VisualGDB\Debug\arm_conv_partial_q7.dep
C:\src\Stm32MazeRunner\Project2\MR2\MR2\VisualGDB\Debug\arm_conv_q15.dep
C:\src\Stm32MazeRunner\Project2\MR2\MR2\VisualGDB\Debug\arm_conv_q31.dep
C:\src\Stm32MazeRunner\Project2\MR2\MR2\VisualGDB\Debug\arm_conv_q7.dep
C:\src\Stm32MazeRunner\Project2\MR2\MR2\VisualGDB\Debug\arm_copy_f32.dep
C:\src\Stm32MazeRunner\Project2\MR2\MR2\VisualGDB\Debug\arm_copy_q15.dep
C:\src\Stm32MazeRunner\Project2\MR2\MR2\VisualGDB\Debug\arm_copy_q31.dep
C:\src\Stm32MazeRunner\Project2\MR2\MR2\VisualGDB\Debug\arm_copy_q7.dep
C:\src\Stm32MazeRunner\Project2\MR2\MR2\VisualGDB\Debug\arm_correlate_f32.dep
C:\src\Stm32MazeRunner\Project2\MR2\MR2\VisualGDB\Debug\arm_correlate_fast_opt_q15.dep
C:\src\Stm32MazeRunner\Project2\MR2\MR2\VisualGDB\Debug\arm_correlate_fast_q15.dep
C:\src\Stm32MazeRunner\Project2\MR2\MR2\VisualGDB\Debug\arm_correlate_fast_q31.dep
C:\src\Stm32MazeRunner\Project2\MR2\MR2\VisualGDB\Debug\arm_correlate_opt_q15.dep
C:\src\Stm32MazeRunner\Project2\MR2\MR2\VisualGDB\Debug\arm_correlate_opt_q7.dep
C:\src\Stm32MazeRunner\Project2\MR2\MR2\VisualGDB\Debug\arm_correlate_q15.dep
C:\src\Stm32MazeRunner\Project2\MR2\MR2\VisualGDB\Debug\arm_correlate_q31.dep
C:\src\Stm32MazeRunner\Project2\MR2\MR2\VisualGDB\Debug\arm_correlate_q7.dep
C:\src\Stm32MazeRunner\Project2\MR2\MR2\VisualGDB\Debug\arm_cos_f32.dep
C:\src\Stm32MazeRunner\Project2\MR2\MR2\VisualGDB\Debug\arm_cos_q15.dep
C:\src\Stm32MazeRunner\Project2\MR2\MR2\VisualGDB\Debug\arm_cos_q31.dep
C:\src\Stm32MazeRunner\Project2\MR2\MR2\VisualGDB\Debug\arm_dct4_f32.dep
C:\src\Stm32MazeRunner\Project2\MR2\MR2\VisualGDB\Debug\arm_dct4_init_f32.dep
C:\src\Stm32MazeRunner\Project2\MR2\MR2\VisualGDB\Debug\arm_dct4_init_q15.dep
C:\src\Stm32MazeRunner\Project2\MR2\MR2\VisualGDB\Debug\arm_dct4_init_q31.dep
C:\src\Stm32MazeRunner\Project2\MR2\MR2\VisualGDB\Debug\arm_dct4_q15.dep
C:\src\Stm32MazeRunner\Project2\MR2\MR2\VisualGDB\Debug\arm_dct4_q31.dep
C:\src\Stm32MazeRunner\Project2\MR2\MR2\VisualGDB\Debug\arm_dot_prod_f32.dep
C:\src\Stm32MazeRunner\Project2\MR2\MR2\VisualGDB\Debug\arm_dot_prod_q15.dep
C:\src\Stm32MazeRunner\Project2\MR2\MR2\VisualGDB\Debug\arm_dot_prod_q31.dep
C:\src\Stm32MazeRunner\Project2\MR2\MR2\VisualGDB\Debug\arm_dot_prod_q7.dep
C:\src\Stm32MazeRunner\Project2\MR2\MR2\VisualGDB\Debug\arm_fill_f32.dep
C:\src\Stm32MazeRunner\Project2\MR2\MR2\VisualGDB\Debug\arm_fill_q15.dep
C:\src\Stm32MazeRunner\Project2\MR2\MR2\VisualGDB\Debug\arm_fill_q31.dep
C:\src\Stm32MazeRunner\Project2\MR2\MR2\VisualGDB\Debug\arm_fill_q7.dep
C:\src\Stm32MazeRunner\Project2\MR2\MR2\VisualGDB\Debug\arm_fir_decimate_f32.dep
C:\src\Stm32MazeRunner\Project2\MR2\MR2\VisualGDB\Debug\arm_fir_decimate_fast_q15.dep
C:\src\Stm32MazeRunner\Project2\MR2\MR2\VisualGDB\Debug\arm_fir_decimate_fast_q31.dep
C:\src\Stm32MazeRunner\Project2\MR2\MR2\VisualGDB\Debug\arm_fir_decimate_init_f32.dep
C:\src\Stm32MazeRunner\Project2\MR2\MR2\VisualGDB\Debug\arm_fir_decimate_init_q15.dep
C:\src\Stm32MazeRunner\Project2\MR2\MR2\VisualGDB\Debug\arm_fir_decimate_init_q31.dep
C:\src\Stm32MazeRunner\Project2\MR2\MR2\VisualGDB\Debug\arm_fir_decimate_q15.dep
C:\src\Stm32MazeRunner\Project2\MR2\MR2\VisualGDB\Debug\arm_fir_decimate_q31.dep
C:\src\Stm32MazeRunner\Project2\MR2\MR2\VisualGDB\Debug\arm_fir_f32.dep
C:\src\Stm32MazeRunner\Project2\MR2\MR2\VisualGDB\Debug\arm_fir_fast_q15.dep
C:\src\Stm32MazeRunner\Project2\MR2\MR2\VisualGDB\Debug\arm_fir_fast_q31.dep
C:\src\Stm32MazeRunner\Project2\MR2\MR2\VisualGDB\Debug\arm_fir_init_f32.dep
C:\src\Stm32MazeRunner\Project2\MR2\MR2\VisualGDB\Debug\arm_fir_init_q15.dep
C:\src\Stm32MazeRunner\Project2\MR2\MR2\VisualGDB\Debug\arm_fir_init_q31.dep
C:\src\Stm32MazeRunner\Project2\MR2\MR2\VisualGDB\Debug\arm_fir_init_q7.dep
C:\src\Stm32MazeRunner\Project2\MR2\MR2\VisualGDB\Debug\arm_fir_interpolate_f32.dep
C:\src\Stm32MazeRunner\Project2\MR2\MR2\VisualGDB\Debug\arm_fir_interpolate_init_f32.dep
C:\src\Stm32MazeRunner\Project2\MR2\MR2\VisualGDB\Debug\arm_fir_interpolate_init_q15.dep
C:\src\Stm32MazeRunner\Project2\MR2\MR2\VisualGDB\Debug\arm_fir_interpolate_init_q31.dep
C:\src\Stm32MazeRunner\Project2\MR2\MR2\VisualGDB\Debug\arm_fir_interpolate_q15.dep
C:\src\Stm32MazeRunner\Project2\MR2\MR2\VisualGDB\Debug\arm_fir_interpolate_q31.dep
C:\src\Stm32MazeRunner\Project2\MR2\MR2\VisualGDB\Debug\arm_fir_lattice_f32.dep
C:\src\Stm32MazeRunner\Project2\MR2\MR2\VisualGDB\Debug\arm_fir_lattice_init_f32.dep
C:\src\Stm32MazeRunner\Project2\MR2\MR2\VisualGDB\Debug\arm_fir_lattice_init_q15.dep
C:\src\Stm32MazeRunner\Project2\MR2\MR2\VisualGDB\Debug\arm_fir_lattice_init_q31.dep
C:\src\Stm32MazeRunner\Project2\MR2\MR2\VisualGDB\Debug\arm_fir_lattice_q15.dep
C:\src\Stm32MazeRunner\Project2\MR2\MR2\VisualGDB\Debug\arm_fir_lattice_q31.dep
C:\src\Stm32MazeRunner\Project2\MR2\MR2\VisualGDB\Debug\arm_fir_q15.dep
C:\src\Stm32MazeRunner\Project2\MR2\MR2\VisualGDB\Debug\arm_fir_q31.dep
C:\src\Stm32MazeRunner\Project2\MR2\MR2\VisualGDB\Debug\arm_fir_q7.dep
C:\src\Stm32MazeRunner\Project2\MR2\MR2\VisualGDB\Debug\arm_fir_sparse_f32.dep
C:\src\Stm32MazeRunner\Project2\MR2\MR2\VisualGDB\Debug\arm_fir_sparse_init_f32.dep
C:\src\Stm32MazeRunner\Project2\MR2\MR2\VisualGDB\Debug\arm_fir_sparse_init_q15.dep
C:\src\Stm32MazeRunner\Project2\MR2\MR2\VisualGDB\Debug\arm_fir_sparse_init_q31.dep
C:\src\Stm32MazeRunner\Project2\MR2\MR2\VisualGDB\Debug\arm_fir_sparse_init_q7.dep
C:\src\Stm32MazeRunner\Project2\MR2\MR2\VisualGDB\Debug\arm_fir_sparse_q15.dep
C:\src\Stm32MazeRunner\Project2\MR2\MR2\VisualGDB\Debug\arm_fir_sparse_q31.dep
C:\src\Stm32MazeRunner\Project2\MR2\MR2\VisualGDB\Debug\arm_fir_sparse_q7.dep
C:\src\Stm32MazeRunner\Project2\MR2\MR2\VisualGDB\Debug\arm_float_to_q15.dep
C:\src\Stm32MazeRunner\Project2\MR2\MR2\VisualGDB\Debug\arm_float_to_q31.dep
C:\src\Stm32MazeRunner\Project2\MR2\MR2\VisualGDB\Debug\arm_float_to_q7.dep
C:\src\Stm32MazeRunner\Project2\MR2\MR2\VisualGDB\Debug\arm_iir_lattice_f32.dep
C:\src\Stm32MazeRunner\Project2\MR2\MR2\VisualGDB\Debug\arm_iir_lattice_init_f32.dep
C:\src\Stm32MazeRunner\Project2\MR2\MR2\VisualGDB\Debug\arm_iir_lattice_init_q15.dep
C:\src\Stm32MazeRunner\Project2\MR2\MR2\VisualGDB\Debug\arm_iir_lattice_init_q31.dep
C:\src\Stm32MazeRunner\Project2\MR2\MR2\VisualGDB\Debug\arm_iir_lattice_q15.dep
C:\src\Stm32MazeRunner\Project2\MR2\MR2\VisualGDB\Debug\arm_iir_lattice_q31.dep
C:\src\Stm32MazeRunner\Project2\MR2\MR2\VisualGDB\Debug\arm_lms_f32.dep
C:\src\Stm32MazeRunner\Project2\MR2\MR2\VisualGDB\Debug\arm_lms_init_f32.dep
C:\src\Stm32MazeRunner\Project2\MR2\MR2\VisualGDB\Debug\arm_lms_init_q15.dep
C:\src\Stm32MazeRunner\Project2\MR2\MR2\VisualGDB\Debug\arm_lms_init_q31.dep
C:\src\Stm32MazeRunner\Project2\MR2\MR2\VisualGDB\Debug\arm_lms_norm_f32.dep
C:\src\Stm32MazeRunner\Project2\MR2\MR2\VisualGDB\Debug\arm_lms_norm_init_f32.dep
C:\src\Stm32MazeRunner\Project2\MR2\MR2\VisualGDB\Debug\arm_lms_norm_init_q15.dep
C:\src\Stm32MazeRunner\Project2\MR2\MR2\VisualGDB\Debug\arm_lms_norm_init_q31.dep
C:\src\Stm32MazeRunner\Project2\MR2\MR2\VisualGDB\Debug\arm_lms_norm_q15.dep
C:\src\Stm32MazeRunner\Project2\MR2\MR2\VisualGDB\Debug\arm_lms_norm_q31.dep
C:\src\Stm32MazeRunner\Project2\MR2\MR2\VisualGDB\Debug\arm_lms_q15.dep
C:\src\Stm32MazeRunner\Project2\MR2\MR2\VisualGDB\Debug\arm_lms_q31.dep
C:\src\Stm32MazeRunner\Project2\MR2\MR2\VisualGDB\Debug\arm_mat_add_f32.dep
C:\src\Stm32MazeRunner\Project2\MR2\MR2\VisualGDB\Debug\arm_mat_add_q15.dep
C:\src\Stm32MazeRunner\Project2\MR2\MR2\VisualGDB\Debug\arm_mat_add_q31.dep
C:\src\Stm32MazeRunner\Project2\MR2\MR2\VisualGDB\Debug\arm_mat_cmplx_mult_f32.dep
C:\src\Stm32MazeRunner\Project2\MR2\MR2\VisualGDB\Debug\arm_mat_cmplx_mult_q15.dep
C:\src\Stm32MazeRunner\Project2\MR2\MR2\VisualGDB\Debug\arm_mat_cmplx_mult_q31.dep
C:\src\Stm32MazeRunner\Project2\MR2\MR2\VisualGDB\Debug\arm_mat_init_f32.dep
C:\src\Stm32MazeRunner\Project2\MR2\MR2\VisualGDB\Debug\arm_mat_init_q15.dep
C:\src\Stm32MazeRunner\Project2\MR2\MR2\VisualGDB\Debug\arm_mat_init_q31.dep
C:\src\Stm32MazeRunner\Project2\MR2\MR2\VisualGDB\Debug\arm_mat_inverse_f32.dep
C:\src\Stm32MazeRunner\Project2\MR2\MR2\VisualGDB\Debug\arm_mat_inverse_f64.dep
C:\src\Stm32MazeRunner\Project2\MR2\MR2\VisualGDB\Debug\arm_mat_mult_f32.dep
C:\src\Stm32MazeRunner\Project2\MR2\MR2\VisualGDB\Debug\arm_mat_mult_fast_q15.dep
C:\src\Stm32MazeRunner\Project2\MR2\MR2\VisualGDB\Debug\arm_mat_mult_fast_q31.dep
C:\src\Stm32MazeRunner\Project2\MR2\MR2\VisualGDB\Debug\arm_mat_mult_q15.dep
C:\src\Stm32MazeRunner\Project2\MR2\MR2\VisualGDB\Debug\arm_mat_mult_q31.dep
C:\src\Stm32MazeRunner\Project2\MR2\MR2\VisualGDB\Debug\arm_mat_scale_f32.dep
C:\src\Stm32MazeRunner\Project2\MR2\MR2\VisualGDB\Debug\arm_mat_scale_q15.dep
C:\src\Stm32MazeRunner\Project2\MR2\MR2\VisualGDB\Debug\arm_mat_scale_q31.dep
C:\src\Stm32MazeRunner\Project2\MR2\MR2\VisualGDB\Debug\arm_mat_sub_f32.dep
C:\src\Stm32MazeRunner\Project2\MR2\MR2\VisualGDB\Debug\arm_mat_sub_q15.dep
C:\src\Stm32MazeRunner\Project2\MR2\MR2\VisualGDB\Debug\arm_mat_sub_q31.dep
C:\src\Stm32MazeRunner\Project2\MR2\MR2\VisualGDB\Debug\arm_mat_trans_f32.dep
C:\src\Stm32MazeRunner\Project2\MR2\MR2\VisualGDB\Debug\arm_mat_trans_q15.dep
C:\src\Stm32MazeRunner\Project2\MR2\MR2\VisualGDB\Debug\arm_mat_trans_q31.dep
C:\src\Stm32MazeRunner\Project2\MR2\MR2\VisualGDB\Debug\arm_max_f32.dep
C:\src\Stm32MazeRunner\Project2\MR2\MR2\VisualGDB\Debug\arm_max_q15.dep
C:\src\Stm32MazeRunner\Project2\MR2\MR2\VisualGDB\Debug\arm_max_q31.dep
C:\src\Stm32MazeRunner\Project2\MR2\MR2\VisualGDB\Debug\arm_max_q7.dep
C:\src\Stm32MazeRunner\Project2\MR2\MR2\VisualGDB\Debug\arm_mean_f32.dep
C:\src\Stm32MazeRunner\Project2\MR2\MR2\VisualGDB\Debug\arm_mean_q15.dep
C:\src\Stm32MazeRunner\Project2\MR2\MR2\VisualGDB\Debug\arm_mean_q31.dep
C:\src\Stm32MazeRunner\Project2\MR2\MR2\VisualGDB\Debug\arm_mean_q7.dep
C:\src\Stm32MazeRunner\Project2\MR2\MR2\VisualGDB\Debug\arm_min_f32.dep
C:\src\Stm32MazeRunner\Project2\MR2\MR2\VisualGDB\Debug\arm_min_q15.dep
C:\src\Stm32MazeRunner\Project2\MR2\MR2\VisualGDB\Debug\arm_min_q31.dep
C:\src\Stm32MazeRunner\Project2\MR2\MR2\VisualGDB\Debug\arm_min_q7.dep
C:\src\Stm32MazeRunner\Project2\MR2\MR2\VisualGDB\Debug\arm_mult_f32.dep
C:\src\Stm32MazeRunner\Project2\MR2\MR2\VisualGDB\Debug\arm_mult_q15.dep
C:\src\Stm32MazeRunner\Project2\MR2\MR2\VisualGDB\Debug\arm_mult_q31.dep
C:\src\Stm32MazeRunner\Project2\MR2\MR2\VisualGDB\Debug\arm_mult_q7.dep
C:\src\Stm32MazeRunner\Project2\MR2\MR2\VisualGDB\Debug\arm_negate_f32.dep
C:\src\Stm32MazeRunner\Project2\MR2\MR2\VisualGDB\Debug\arm_negate_q15.dep
C:\src\Stm32MazeRunner\Project2\MR2\MR2\VisualGDB\Debug\arm_negate_q31.dep
C:\src\Stm32MazeRunner\Project2\MR2\MR2\VisualGDB\Debug\arm_negate_q7.dep
C:\src\Stm32MazeRunner\Project2\MR2\MR2\VisualGDB\Debug\arm_offset_f32.dep
C:\src\Stm32MazeRunner\Project2\MR2\MR2\VisualGDB\Debug\arm_offset_q15.dep
C:\src\Stm32MazeRunner\Project2\MR2\MR2\VisualGDB\Debug\arm_offset_q31.dep
C:\src\Stm32MazeRunner\Project2\MR2\MR2\VisualGDB\Debug\arm_offset_q7.dep
C:\src\Stm32MazeRunner\Project2\MR2\MR2\VisualGDB\Debug\arm_pid_init_f32.dep
C:\src\Stm32MazeRunner\Project2\MR2\MR2\VisualGDB\Debug\arm_pid_init_q15.dep
C:\src\Stm32MazeRunner\Project2\MR2\MR2\VisualGDB\Debug\arm_pid_init_q31.dep
C:\src\Stm32MazeRunner\Project2\MR2\MR2\VisualGDB\Debug\arm_pid_reset_f32.dep
C:\src\Stm32MazeRunner\Project2\MR2\MR2\VisualGDB\Debug\arm_pid_reset_q15.dep
C:\src\Stm32MazeRunner\Project2\MR2\MR2\VisualGDB\Debug\arm_pid_reset_q31.dep
C:\src\Stm32MazeRunner\Project2\MR2\MR2\VisualGDB\Debug\arm_power_f32.dep
C:\src\Stm32MazeRunner\Project2\MR2\MR2\VisualGDB\Debug\arm_power_q15.dep
C:\src\Stm32MazeRunner\Project2\MR2\MR2\VisualGDB\Debug\arm_power_q31.dep
C:\src\Stm32MazeRunner\Project2\MR2\MR2\VisualGDB\Debug\arm_power_q7.dep
C:\src\Stm32MazeRunner\Project2\MR2\MR2\VisualGDB\Debug\arm_q15_to_float.dep
C:\src\Stm32MazeRunner\Project2\MR2\MR2\VisualGDB\Debug\arm_q15_to_q31.dep
C:\src\Stm32MazeRunner\Project2\MR2\MR2\VisualGDB\Debug\arm_q15_to_q7.dep
C:\src\Stm32MazeRunner\Project2\MR2\MR2\VisualGDB\Debug\arm_q31_to_float.dep
C:\src\Stm32MazeRunner\Project2\MR2\MR2\VisualGDB\Debug\arm_q31_to_q15.dep
C:\src\Stm32MazeRunner\Project2\MR2\MR2\VisualGDB\Debug\arm_q31_to_q7.dep
C:\src\Stm32MazeRunner\Project2\MR2\MR2\VisualGDB\Debug\arm_q7_to_float.dep
C:\src\Stm32MazeRunner\Project2\MR2\MR2\VisualGDB\Debug\arm_q7_to_q15.dep
C:\src\Stm32MazeRunner\Project2\MR2\MR2\VisualGDB\Debug\arm_q7_to_q31.dep
C:\src\Stm32MazeRunner\Project2\MR2\MR2\VisualGDB\Debug\arm_rfft_f32.dep
C:\src\Stm32MazeRunner\Project2\MR2\MR2\VisualGDB\Debug\arm_rfft_fast_f32.dep
C:\src\Stm32MazeRunner\Project2\MR2\MR2\VisualGDB\Debug\arm_rfft_fast_init_f32.dep
C:\src\Stm32MazeRunner\Project2\MR2\MR2\VisualGDB\Debug\arm_rfft_init_f32.dep
C:\src\Stm32MazeRunner\Project2\MR2\MR2\VisualGDB\Debug\arm_rfft_init_q15.dep
C:\src\Stm32MazeRunner\Project2\MR2\MR2\VisualGDB\Debug\arm_rfft_init_q31.dep
C:\src\Stm32MazeRunner\Project2\MR2\MR2\VisualGDB\Debug\arm_rfft_q15.dep
C:\src\Stm32MazeRunner\Project2\MR2\MR2\VisualGDB\Debug\arm_rfft_q31.dep
C:\src\Stm32MazeRunner\Project2\MR2\MR2\VisualGDB\Debug\arm_rms_f32.dep
C:\src\Stm32MazeRunner\Project2\MR2\MR2\VisualGDB\Debug\arm_rms_q15.dep
C:\src\Stm32MazeRunner\Project2\MR2\MR2\VisualGDB\Debug\arm_rms_q31.dep
C:\src\Stm32MazeRunner\Project2\MR2\MR2\VisualGDB\Debug\arm_scale_f32.dep
C:\src\Stm32MazeRunner\Project2\MR2\MR2\VisualGDB\Debug\arm_scale_q15.dep
C:\src\Stm32MazeRunner\Project2\MR2\MR2\VisualGDB\Debug\arm_scale_q31.dep
C:\src\Stm32MazeRunner\Project2\MR2\MR2\VisualGDB\Debug\arm_scale_q7.dep
C:\src\Stm32MazeRunner\Project2\MR2\MR2\VisualGDB\Debug\arm_shift_q15.dep
C:\src\Stm32MazeRunner\Project2\MR2\MR2\VisualGDB\Debug\arm_shift_q31.dep
C:\src\Stm32MazeRunner\Project2\MR2\MR2\VisualGDB\Debug\arm_shift_q7.dep
C:\src\Stm32MazeRunner\Project2\MR2\MR2\VisualGDB\Debug\arm_sin_cos_f32.dep
C:\src\Stm32MazeRunner\Project2\MR2\MR2\VisualGDB\Debug\arm_sin_cos_q31.dep
C:\src\Stm32MazeRunner\Project2\MR2\MR2\VisualGDB\Debug\arm_sin_f32.dep
C:\src\Stm32MazeRunner\Project2\MR2\MR2\VisualGDB\Debug\arm_sin_q15.dep
C:\src\Stm32MazeRunner\Project2\MR2\MR2\VisualGDB\Debug\arm_sin_q31.dep
C:\src\Stm32MazeRunner\Project2\MR2\MR2\VisualGDB\Debug\arm_sqrt_q15.dep
C:\src\Stm32MazeRunner\Project2\MR2\MR2\VisualGDB\Debug\arm_sqrt_q31.dep
C:\src\Stm32MazeRunner\Project2\MR2\MR2\VisualGDB\Debug\arm_std_f32.dep
C:\src\Stm32MazeRunner\Project2\MR2\MR2\VisualGDB\Debug\arm_std_q15.dep
C:\src\Stm32MazeRunner\Project2\MR2\MR2\VisualGDB\Debug\arm_std_q31.dep
C:\src\Stm32MazeRunner\Project2\MR2\MR2\VisualGDB\Debug\arm_sub_f32.dep
C:\src\Stm32MazeRunner\Project2\MR2\MR2\VisualGDB\Debug\arm_sub_q15.dep
C:\src\Stm32MazeRunner\Project2\MR2\MR2\VisualGDB\Debug\arm_sub_q31.dep
C:\src\Stm32MazeRunner\Project2\MR2\MR2\VisualGDB\Debug\arm_sub_q7.dep
C:\src\Stm32MazeRunner\Project2\MR2\MR2\VisualGDB\Debug\arm_var_f32.dep
C:\src\Stm32MazeRunner\Project2\MR2\MR2\VisualGDB\Debug\arm_var_q15.dep
C:\src\Stm32MazeRunner\Project2\MR2\MR2\VisualGDB\Debug\arm_var_q31.dep
C:\src\Stm32MazeRunner\Project2\MR2\MR2\VisualGDB\Debug\cmsis_os.dep
C:\src\Stm32MazeRunner\Project2\MR2\MR2\VisualGDB\Debug\croutine.dep
C:\src\Stm32MazeRunner\Project2\MR2\MR2\VisualGDB\Debug\event_groups.dep
C:\src\Stm32MazeRunner\Project2\MR2\MR2\VisualGDB\Debug\freertos.dep
C:\src\Stm32MazeRunner\Project2\MR2\MR2\VisualGDB\Debug\gpio.dep
C:\src\Stm32MazeRunner\Project2\MR2\MR2\VisualGDB\Debug\heap_4.dep
C:\src\Stm32MazeRunner\Project2\MR2\MR2\VisualGDB\Debug\iwdg.dep
C:\src\Stm32MazeRunner\Project2\MR2\MR2\VisualGDB\Debug\list.dep
C:\src\Stm32MazeRunner\Project2\MR2\MR2\VisualGDB\Debug\main.dep
C:\src\Stm32MazeRunner\Project2\MR2\MR2\VisualGDB\Debug\port.dep
C:\src\Stm32MazeRunner\Project2\MR2\MR2\VisualGDB\Debug\queue.dep
C:\src\Stm32MazeRunner\Project2\MR2\MR2\VisualGDB\Debug\rtc.dep
C:\src\Stm32MazeRunner\Project2\MR2\MR2\VisualGDB\Debug\stm32l4xx_hal.dep
C:\src\Stm32MazeRunner\Project2\MR2\MR2\VisualGDB\Debug\stm32l4xx_hal_adc.dep
C:\src\Stm32MazeRunner\Project2\MR2\MR2\VisualGDB\Debug\stm32l4xx_hal_adc_ex.dep
C:\src\Stm32MazeRunner\Project2\MR2\MR2\VisualGDB\Debug\stm32l4xx_hal_can.dep
C:\src\Stm32MazeRunner\Project2\MR2\MR2\VisualGDB\Debug\stm32l4xx_hal_comp.dep
C:\src\Stm32MazeRunner\Project2\MR2\MR2\VisualGDB\Debug\stm32l4xx_hal_cortex.dep
C:\src\Stm32MazeRunner\Project2\MR2\MR2\VisualGDB\Debug\stm32l4xx_hal_crc.dep
C:\src\Stm32MazeRunner\Project2\MR2\MR2\VisualGDB\Debug\stm32l4xx_hal_crc_ex.dep
C:\src\Stm32MazeRunner\Project2\MR2\MR2\VisualGDB\Debug\stm32l4xx_hal_cryp.dep
C:\src\Stm32MazeRunner\Project2\MR2\MR2\VisualGDB\Debug\stm32l4xx_hal_cryp_ex.dep
C:\src\Stm32MazeRunner\Project2\MR2\MR2\VisualGDB\Debug\stm32l4xx_hal_dac.dep
C:\src\Stm32MazeRunner\Project2\MR2\MR2\VisualGDB\Debug\stm32l4xx_hal_dac_ex.dep
C:\src\Stm32MazeRunner\Project2\MR2\MR2\VisualGDB\Debug\stm32l4xx_hal_dcmi.dep
C:\src\Stm32MazeRunner\Project2\MR2\MR2\VisualGDB\Debug\stm32l4xx_hal_dfsdm.dep
C:\src\Stm32MazeRunner\Project2\MR2\MR2\VisualGDB\Debug\stm32l4xx_hal_dfsdm_ex.dep
C:\src\Stm32MazeRunner\Project2\MR2\MR2\VisualGDB\Debug\stm32l4xx_hal_dma.dep
C:\src\Stm32MazeRunner\Project2\MR2\MR2\VisualGDB\Debug\stm32l4xx_hal_dma2d.dep
C:\src\Stm32MazeRunner\Project2\MR2\MR2\VisualGDB\Debug\stm32l4xx_hal_dma_ex.dep
C:\src\Stm32MazeRunner\Project2\MR2\MR2\VisualGDB\Debug\stm32l4xx_hal_dsi.dep
C:\src\Stm32MazeRunner\Project2\MR2\MR2\VisualGDB\Debug\stm32l4xx_hal_exti.dep
C:\src\Stm32MazeRunner\Project2\MR2\MR2\VisualGDB\Debug\stm32l4xx_hal_firewall.dep
C:\src\Stm32MazeRunner\Project2\MR2\MR2\VisualGDB\Debug\stm32l4xx_hal_flash.dep
C:\src\Stm32MazeRunner\Project2\MR2\MR2\VisualGDB\Debug\stm32l4xx_hal_flash_ex.dep
C:\src\Stm32MazeRunner\Project2\MR2\MR2\VisualGDB\Debug\stm32l4xx_hal_flash_ramfunc.dep
C:\src\Stm32MazeRunner\Project2\MR2\MR2\VisualGDB\Debug\stm32l4xx_hal_gfxmmu.dep
C:\src\Stm32MazeRunner\Project2\MR2\MR2\VisualGDB\Debug\stm32l4xx_hal_gpio.dep
C:\src\Stm32MazeRunner\Project2\MR2\MR2\VisualGDB\Debug\stm32l4xx_hal_hash.dep
C:\src\Stm32MazeRunner\Project2\MR2\MR2\VisualGDB\Debug\stm32l4xx_hal_hash_ex.dep
C:\src\Stm32MazeRunner\Project2\MR2\MR2\VisualGDB\Debug\stm32l4xx_hal_hcd.dep
C:\src\Stm32MazeRunner\Project2\MR2\MR2\VisualGDB\Debug\stm32l4xx_hal_i2c.dep
C:\src\Stm32MazeRunner\Project2\MR2\MR2\VisualGDB\Debug\stm32l4xx_hal_i2c_ex.dep
C:\src\Stm32MazeRunner\Project2\MR2\MR2\VisualGDB\Debug\stm32l4xx_hal_irda.dep
C:\src\Stm32MazeRunner\Project2\MR2\MR2\VisualGDB\Debug\stm32l4xx_hal_iwdg.dep
C:\src\Stm32MazeRunner\Project2\MR2\MR2\VisualGDB\Debug\stm32l4xx_hal_lcd.dep
C:\src\Stm32MazeRunner\Project2\MR2\MR2\VisualGDB\Debug\stm32l4xx_hal_lptim.dep
C:\src\Stm32MazeRunner\Project2\MR2\MR2\VisualGDB\Debug\stm32l4xx_hal_ltdc.dep
C:\src\Stm32MazeRunner\Project2\MR2\MR2\VisualGDB\Debug\stm32l4xx_hal_ltdc_ex.dep
C:\src\Stm32MazeRunner\Project2\MR2\MR2\VisualGDB\Debug\stm32l4xx_hal_msp.dep
C:\src\Stm32MazeRunner\Project2\MR2\MR2\VisualGDB\Debug\stm32l4xx_hal_msp_template.dep
C:\src\Stm32MazeRunner\Project2\MR2\MR2\VisualGDB\Debug\stm32l4xx_hal_nand.dep
C:\src\Stm32MazeRunner\Project2\MR2\MR2\VisualGDB\Debug\stm32l4xx_hal_nor.dep
C:\src\Stm32MazeRunner\Project2\MR2\MR2\VisualGDB\Debug\stm32l4xx_hal_opamp.dep
C:\src\Stm32MazeRunner\Project2\MR2\MR2\VisualGDB\Debug\stm32l4xx_hal_opamp_ex.dep
C:\src\Stm32MazeRunner\Project2\MR2\MR2\VisualGDB\Debug\stm32l4xx_hal_ospi.dep
C:\src\Stm32MazeRunner\Project2\MR2\MR2\VisualGDB\Debug\stm32l4xx_hal_pcd.dep
C:\src\Stm32MazeRunner\Project2\MR2\MR2\VisualGDB\Debug\stm32l4xx_hal_pcd_ex.dep
C:\src\Stm32MazeRunner\Project2\MR2\MR2\VisualGDB\Debug\stm32l4xx_hal_pwr.dep
C:\src\Stm32MazeRunner\Project2\MR2\MR2\VisualGDB\Debug\stm32l4xx_hal_pwr_ex.dep
C:\src\Stm32MazeRunner\Project2\MR2\MR2\VisualGDB\Debug\stm32l4xx_hal_qspi.dep
C:\src\Stm32MazeRunner\Project2\MR2\MR2\VisualGDB\Debug\stm32l4xx_hal_rcc.dep
C:\src\Stm32MazeRunner\Project2\MR2\MR2\VisualGDB\Debug\stm32l4xx_hal_rcc_ex.dep
C:\src\Stm32MazeRunner\Project2\MR2\MR2\VisualGDB\Debug\stm32l4xx_hal_rng.dep
C:\src\Stm32MazeRunner\Project2\MR2\MR2\VisualGDB\Debug\stm32l4xx_hal_rtc.dep
C:\src\Stm32MazeRunner\Project2\MR2\MR2\VisualGDB\Debug\stm32l4xx_hal_rtc_ex.dep
C:\src\Stm32MazeRunner\Project2\MR2\MR2\VisualGDB\Debug\stm32l4xx_hal_sai.dep
C:\src\Stm32MazeRunner\Project2\MR2\MR2\VisualGDB\Debug\stm32l4xx_hal_sai_ex.dep
C:\src\Stm32MazeRunner\Project2\MR2\MR2\VisualGDB\Debug\stm32l4xx_hal_sd.dep
C:\src\Stm32MazeRunner\Project2\MR2\MR2\VisualGDB\Debug\stm32l4xx_hal_sd_ex.dep
C:\src\Stm32MazeRunner\Project2\MR2\MR2\VisualGDB\Debug\stm32l4xx_hal_smartcard.dep
C:\src\Stm32MazeRunner\Project2\MR2\MR2\VisualGDB\Debug\stm32l4xx_hal_smartcard_ex.dep
C:\src\Stm32MazeRunner\Project2\MR2\MR2\VisualGDB\Debug\stm32l4xx_hal_smbus.dep
C:\src\Stm32MazeRunner\Project2\MR2\MR2\VisualGDB\Debug\stm32l4xx_hal_spi.dep
C:\src\Stm32MazeRunner\Project2\MR2\MR2\VisualGDB\Debug\stm32l4xx_hal_spi_ex.dep
C:\src\Stm32MazeRunner\Project2\MR2\MR2\VisualGDB\Debug\stm32l4xx_hal_sram.dep
C:\src\Stm32MazeRunner\Project2\MR2\MR2\VisualGDB\Debug\stm32l4xx_hal_swpmi.dep
C:\src\Stm32MazeRunner\Project2\MR2\MR2\VisualGDB\Debug\stm32l4xx_hal_tim.dep
C:\src\Stm32MazeRunner\Project2\MR2\MR2\VisualGDB\Debug\stm32l4xx_hal_timebase_tim_template.dep
C:\src\Stm32MazeRunner\Project2\MR2\MR2\VisualGDB\Debug\stm32l4xx_hal_tim_ex.dep
C:\src\Stm32MazeRunner\Project2\MR2\MR2\VisualGDB\Debug\stm32l4xx_hal_tsc.dep
C:\src\Stm32MazeRunner\Project2\MR2\MR2\VisualGDB\Debug\stm32l4xx_hal_uart.dep
C:\src\Stm32MazeRunner\Project2\MR2\MR2\VisualGDB\Debug\stm32l4xx_hal_uart_ex.dep
C:\src\Stm32MazeRunner\Project2\MR2\MR2\VisualGDB\Debug\stm32l4xx_hal_usart.dep
C:\src\Stm32MazeRunner\Project2\MR2\MR2\VisualGDB\Debug\stm32l4xx_hal_usart_ex.dep
C:\src\Stm32MazeRunner\Project2\MR2\MR2\VisualGDB\Debug\stm32l4xx_hal_wwdg.dep
C:\src\Stm32MazeRunner\Project2\MR2\MR2\VisualGDB\Debug\stm32l4xx_it.dep
C:\src\Stm32MazeRunner\Project2\MR2\MR2\VisualGDB\Debug\stm32l4xx_ll_adc.dep
C:\src\Stm32MazeRunner\Project2\MR2\MR2\VisualGDB\Debug\stm32l4xx_ll_comp.dep
C:\src\Stm32MazeRunner\Project2\MR2\MR2\VisualGDB\Debug\stm32l4xx_ll_crc.dep
C:\src\Stm32MazeRunner\Project2\MR2\MR2\VisualGDB\Debug\stm32l4xx_ll_crs.dep
C:\src\Stm32MazeRunner\Project2\MR2\MR2\VisualGDB\Debug\stm32l4xx_ll_dac.dep
C:\src\Stm32MazeRunner\Project2\MR2\MR2\VisualGDB\Debug\stm32l4xx_ll_dma.dep
C:\src\Stm32MazeRunner\Project2\MR2\MR2\VisualGDB\Debug\stm32l4xx_ll_dma2d.dep
C:\src\Stm32MazeRunner\Project2\MR2\MR2\VisualGDB\Debug\stm32l4xx_ll_exti.dep
C:\src\Stm32MazeRunner\Project2\MR2\MR2\VisualGDB\Debug\stm32l4xx_ll_fmc.dep
C:\src\Stm32MazeRunner\Project2\MR2\MR2\VisualGDB\Debug\stm32l4xx_ll_gpio.dep
C:\src\Stm32MazeRunner\Project2\MR2\MR2\VisualGDB\Debug\stm32l4xx_ll_i2c.dep
C:\src\Stm32MazeRunner\Project2\MR2\MR2\VisualGDB\Debug\stm32l4xx_ll_lptim.dep
C:\src\Stm32MazeRunner\Project2\MR2\MR2\VisualGDB\Debug\stm32l4xx_ll_lpuart.dep
C:\src\Stm32MazeRunner\Project2\MR2\MR2\VisualGDB\Debug\stm32l4xx_ll_opamp.dep
C:\src\Stm32MazeRunner\Project2\MR2\MR2\VisualGDB\Debug\stm32l4xx_ll_pwr.dep
C:\src\Stm32MazeRunner\Project2\MR2\MR2\VisualGDB\Debug\stm32l4xx_ll_rcc.dep
C:\src\Stm32MazeRunner\Project2\MR2\MR2\VisualGDB\Debug\stm32l4xx_ll_rng.dep
C:\src\Stm32MazeRunner\Project2\MR2\MR2\VisualGDB\Debug\stm32l4xx_ll_rtc.dep
C:\src\Stm32MazeRunner\Project2\MR2\MR2\VisualGDB\Debug\stm32l4xx_ll_sdmmc.dep
C:\src\Stm32MazeRunner\Project2\MR2\MR2\VisualGDB\Debug\stm32l4xx_ll_spi.dep
C:\src\Stm32MazeRunner\Project2\MR2\MR2\VisualGDB\Debug\stm32l4xx_ll_swpmi.dep
C:\src\Stm32MazeRunner\Project2\MR2\MR2\VisualGDB\Debug\stm32l4xx_ll_tim.dep
C:\src\Stm32MazeRunner\Project2\MR2\MR2\VisualGDB\Debug\stm32l4xx_ll_usart.dep
C:\src\Stm32MazeRunner\Project2\MR2\MR2\VisualGDB\Debug\stm32l4xx_ll_usb.dep
C:\src\Stm32MazeRunner\Project2\MR2\MR2\VisualGDB\Debug\stm32l4xx_ll_utils.dep
C:\src\Stm32MazeRunner\Project2\MR2\MR2\VisualGDB\Debug\stream_buffer.dep
C:\src\Stm32MazeRunner\Project2\MR2\MR2\VisualGDB\Debug\system_stm32l4xx.dep
C:\src\Stm32MazeRunner\Project2\MR2\MR2\VisualGDB\Debug\tasks.dep
C:\src\Stm32MazeRunner\Project2\MR2\MR2\VisualGDB\Debug\tim.dep
C:\src\Stm32MazeRunner\Project2\MR2\MR2\VisualGDB\Debug\timers.dep
C:\src\Stm32MazeRunner\Project2\MR2\MR2\VisualGDB\Debug\usart.dep
C:\src\Stm32MazeRunner\Project2\MR2\MR2\VisualGDB\Debug\adc.gcc.rsp
C:\src\Stm32MazeRunner\Project2\MR2\MR2\VisualGDB\Debug\arm_abs_f32.gcc.rsp
C:\src\Stm32MazeRunner\Project2\MR2\MR2\VisualGDB\Debug\arm_abs_q15.gcc.rsp
C:\src\Stm32MazeRunner\Project2\MR2\MR2\VisualGDB\Debug\arm_abs_q31.gcc.rsp
C:\src\Stm32MazeRunner\Project2\MR2\MR2\VisualGDB\Debug\arm_abs_q7.gcc.rsp
C:\src\Stm32MazeRunner\Project2\MR2\MR2\VisualGDB\Debug\arm_add_f32.gcc.rsp
C:\src\Stm32MazeRunner\Project2\MR2\MR2\VisualGDB\Debug\arm_add_q15.gcc.rsp
C:\src\Stm32MazeRunner\Project2\MR2\MR2\VisualGDB\Debug\arm_add_q31.gcc.rsp
C:\src\Stm32MazeRunner\Project2\MR2\MR2\VisualGDB\Debug\arm_add_q7.gcc.rsp
C:\src\Stm32MazeRunner\Project2\MR2\MR2\VisualGDB\Debug\arm_biquad_cascade_df1_32x64_init_q31.gcc.rsp
C:\src\Stm32MazeRunner\Project2\MR2\MR2\VisualGDB\Debug\arm_biquad_cascade_df1_32x64_q31.gcc.rsp
C:\src\Stm32MazeRunner\Project2\MR2\MR2\VisualGDB\Debug\arm_biquad_cascade_df1_f32.gcc.rsp
C:\src\Stm32MazeRunner\Project2\MR2\MR2\VisualGDB\Debug\arm_biquad_cascade_df1_fast_q15.gcc.rsp
C:\src\Stm32MazeRunner\Project2\MR2\MR2\VisualGDB\Debug\arm_biquad_cascade_df1_fast_q31.gcc.rsp
C:\src\Stm32MazeRunner\Project2\MR2\MR2\VisualGDB\Debug\arm_biquad_cascade_df1_init_f32.gcc.rsp
C:\src\Stm32MazeRunner\Project2\MR2\MR2\VisualGDB\Debug\arm_biquad_cascade_df1_init_q15.gcc.rsp
C:\src\Stm32MazeRunner\Project2\MR2\MR2\VisualGDB\Debug\arm_biquad_cascade_df1_init_q31.gcc.rsp
C:\src\Stm32MazeRunner\Project2\MR2\MR2\VisualGDB\Debug\arm_biquad_cascade_df1_q15.gcc.rsp
C:\src\Stm32MazeRunner\Project2\MR2\MR2\VisualGDB\Debug\arm_biquad_cascade_df1_q31.gcc.rsp
C:\src\Stm32MazeRunner\Project2\MR2\MR2\VisualGDB\Debug\arm_biquad_cascade_df2T_f32.gcc.rsp
C:\src\Stm32MazeRunner\Project2\MR2\MR2\VisualGDB\Debug\arm_biquad_cascade_df2T_f64.gcc.rsp
C:\src\Stm32MazeRunner\Project2\MR2\MR2\VisualGDB\Debug\arm_biquad_cascade_df2T_init_f32.gcc.rsp
C:\src\Stm32MazeRunner\Project2\MR2\MR2\VisualGDB\Debug\arm_biquad_cascade_df2T_init_f64.gcc.rsp
C:\src\Stm32MazeRunner\Project2\MR2\MR2\VisualGDB\Debug\arm_biquad_cascade_stereo_df2T_f32.gcc.rsp
C:\src\Stm32MazeRunner\Project2\MR2\MR2\VisualGDB\Debug\arm_biquad_cascade_stereo_df2T_init_f32.gcc.rsp
C:\src\Stm32MazeRunner\Project2\MR2\MR2\VisualGDB\Debug\arm_bitreversal.gcc.rsp
C:\src\Stm32MazeRunner\Project2\MR2\MR2\VisualGDB\Debug\arm_cfft_f32.gcc.rsp
C:\src\Stm32MazeRunner\Project2\MR2\MR2\VisualGDB\Debug\arm_cfft_q15.gcc.rsp
C:\src\Stm32MazeRunner\Project2\MR2\MR2\VisualGDB\Debug\arm_cfft_q31.gcc.rsp
C:\src\Stm32MazeRunner\Project2\MR2\MR2\VisualGDB\Debug\arm_cfft_radix2_f32.gcc.rsp
C:\src\Stm32MazeRunner\Project2\MR2\MR2\VisualGDB\Debug\arm_cfft_radix2_init_f32.gcc.rsp
C:\src\Stm32MazeRunner\Project2\MR2\MR2\VisualGDB\Debug\arm_cfft_radix2_init_q15.gcc.rsp
C:\src\Stm32MazeRunner\Project2\MR2\MR2\VisualGDB\Debug\arm_cfft_radix2_init_q31.gcc.rsp
C:\src\Stm32MazeRunner\Project2\MR2\MR2\VisualGDB\Debug\arm_cfft_radix2_q15.gcc.rsp
C:\src\Stm32MazeRunner\Project2\MR2\MR2\VisualGDB\Debug\arm_cfft_radix2_q31.gcc.rsp
C:\src\Stm32MazeRunner\Project2\MR2\MR2\VisualGDB\Debug\arm_cfft_radix4_f32.gcc.rsp
C:\src\Stm32MazeRunner\Project2\MR2\MR2\VisualGDB\Debug\arm_cfft_radix4_init_f32.gcc.rsp
C:\src\Stm32MazeRunner\Project2\MR2\MR2\VisualGDB\Debug\arm_cfft_radix4_init_q15.gcc.rsp
C:\src\Stm32MazeRunner\Project2\MR2\MR2\VisualGDB\Debug\arm_cfft_radix4_init_q31.gcc.rsp
C:\src\Stm32MazeRunner\Project2\MR2\MR2\VisualGDB\Debug\arm_cfft_radix4_q15.gcc.rsp
C:\src\Stm32MazeRunner\Project2\MR2\MR2\VisualGDB\Debug\arm_cfft_radix4_q31.gcc.rsp
C:\src\Stm32MazeRunner\Project2\MR2\MR2\VisualGDB\Debug\arm_cfft_radix8_f32.gcc.rsp
C:\src\Stm32MazeRunner\Project2\MR2\MR2\VisualGDB\Debug\arm_cmplx_conj_f32.gcc.rsp
C:\src\Stm32MazeRunner\Project2\MR2\MR2\VisualGDB\Debug\arm_cmplx_conj_q15.gcc.rsp
C:\src\Stm32MazeRunner\Project2\MR2\MR2\VisualGDB\Debug\arm_cmplx_conj_q31.gcc.rsp
C:\src\Stm32MazeRunner\Project2\MR2\MR2\VisualGDB\Debug\arm_cmplx_dot_prod_f32.gcc.rsp
C:\src\Stm32MazeRunner\Project2\MR2\MR2\VisualGDB\Debug\arm_cmplx_dot_prod_q15.gcc.rsp
C:\src\Stm32MazeRunner\Project2\MR2\MR2\VisualGDB\Debug\arm_cmplx_dot_prod_q31.gcc.rsp
C:\src\Stm32MazeRunner\Project2\MR2\MR2\VisualGDB\Debug\arm_cmplx_mag_f32.gcc.rsp
C:\src\Stm32MazeRunner\Project2\MR2\MR2\VisualGDB\Debug\arm_cmplx_mag_q15.gcc.rsp
C:\src\Stm32MazeRunner\Project2\MR2\MR2\VisualGDB\Debug\arm_cmplx_mag_q31.gcc.rsp
C:\src\Stm32MazeRunner\Project2\MR2\MR2\VisualGDB\Debug\arm_cmplx_mag_squared_f32.gcc.rsp
C:\src\Stm32MazeRunner\Project2\MR2\MR2\VisualGDB\Debug\arm_cmplx_mag_squared_q15.gcc.rsp
C:\src\Stm32MazeRunner\Project2\MR2\MR2\VisualGDB\Debug\arm_cmplx_mag_squared_q31.gcc.rsp
C:\src\Stm32MazeRunner\Project2\MR2\MR2\VisualGDB\Debug\arm_cmplx_mult_cmplx_f32.gcc.rsp
C:\src\Stm32MazeRunner\Project2\MR2\MR2\VisualGDB\Debug\arm_cmplx_mult_cmplx_q15.gcc.rsp
C:\src\Stm32MazeRunner\Project2\MR2\MR2\VisualGDB\Debug\arm_cmplx_mult_cmplx_q31.gcc.rsp
C:\src\Stm32MazeRunner\Project2\MR2\MR2\VisualGDB\Debug\arm_cmplx_mult_real_f32.gcc.rsp
C:\src\Stm32MazeRunner\Project2\MR2\MR2\VisualGDB\Debug\arm_cmplx_mult_real_q15.gcc.rsp
C:\src\Stm32MazeRunner\Project2\MR2\MR2\VisualGDB\Debug\arm_cmplx_mult_real_q31.gcc.rsp
C:\src\Stm32MazeRunner\Project2\MR2\MR2\VisualGDB\Debug\arm_common_tables.gcc.rsp
C:\src\Stm32MazeRunner\Project2\MR2\MR2\VisualGDB\Debug\arm_const_structs.gcc.rsp
C:\src\Stm32MazeRunner\Project2\MR2\MR2\VisualGDB\Debug\arm_conv_f32.gcc.rsp
C:\src\Stm32MazeRunner\Project2\MR2\MR2\VisualGDB\Debug\arm_conv_fast_opt_q15.gcc.rsp
C:\src\Stm32MazeRunner\Project2\MR2\MR2\VisualGDB\Debug\arm_conv_fast_q15.gcc.rsp
C:\src\Stm32MazeRunner\Project2\MR2\MR2\VisualGDB\Debug\arm_conv_fast_q31.gcc.rsp
C:\src\Stm32MazeRunner\Project2\MR2\MR2\VisualGDB\Debug\arm_conv_opt_q15.gcc.rsp
C:\src\Stm32MazeRunner\Project2\MR2\MR2\VisualGDB\Debug\arm_conv_opt_q7.gcc.rsp
C:\src\Stm32MazeRunner\Project2\MR2\MR2\VisualGDB\Debug\arm_conv_partial_f32.gcc.rsp
C:\src\Stm32MazeRunner\Project2\MR2\MR2\VisualGDB\Debug\arm_conv_partial_fast_opt_q15.gcc.rsp
C:\src\Stm32MazeRunner\Project2\MR2\MR2\VisualGDB\Debug\arm_conv_partial_fast_q15.gcc.rsp
C:\src\Stm32MazeRunner\Project2\MR2\MR2\VisualGDB\Debug\arm_conv_partial_fast_q31.gcc.rsp
C:\src\Stm32MazeRunner\Project2\MR2\MR2\VisualGDB\Debug\arm_conv_partial_opt_q15.gcc.rsp
C:\src\Stm32MazeRunner\Project2\MR2\MR2\VisualGDB\Debug\arm_conv_partial_opt_q7.gcc.rsp
C:\src\Stm32MazeRunner\Project2\MR2\MR2\VisualGDB\Debug\arm_conv_partial_q15.gcc.rsp
C:\src\Stm32MazeRunner\Project2\MR2\MR2\VisualGDB\Debug\arm_conv_partial_q31.gcc.rsp
C:\src\Stm32MazeRunner\Project2\MR2\MR2\VisualGDB\Debug\arm_conv_partial_q7.gcc.rsp
C:\src\Stm32MazeRunner\Project2\MR2\MR2\VisualGDB\Debug\arm_conv_q15.gcc.rsp
C:\src\Stm32MazeRunner\Project2\MR2\MR2\VisualGDB\Debug\arm_conv_q31.gcc.rsp
C:\src\Stm32MazeRunner\Project2\MR2\MR2\VisualGDB\Debug\arm_conv_q7.gcc.rsp
C:\src\Stm32MazeRunner\Project2\MR2\MR2\VisualGDB\Debug\arm_copy_f32.gcc.rsp
C:\src\Stm32MazeRunner\Project2\MR2\MR2\VisualGDB\Debug\arm_copy_q15.gcc.rsp
C:\src\Stm32MazeRunner\Project2\MR2\MR2\VisualGDB\Debug\arm_copy_q31.gcc.rsp
C:\src\Stm32MazeRunner\Project2\MR2\MR2\VisualGDB\Debug\arm_copy_q7.gcc.rsp
C:\src\Stm32MazeRunner\Project2\MR2\MR2\VisualGDB\Debug\arm_correlate_f32.gcc.rsp
C:\src\Stm32MazeRunner\Project2\MR2\MR2\VisualGDB\Debug\arm_correlate_fast_opt_q15.gcc.rsp
C:\src\Stm32MazeRunner\Project2\MR2\MR2\VisualGDB\Debug\arm_correlate_fast_q15.gcc.rsp
C:\src\Stm32MazeRunner\Project2\MR2\MR2\VisualGDB\Debug\arm_correlate_fast_q31.gcc.rsp
C:\src\Stm32MazeRunner\Project2\MR2\MR2\VisualGDB\Debug\arm_correlate_opt_q15.gcc.rsp
C:\src\Stm32MazeRunner\Project2\MR2\MR2\VisualGDB\Debug\arm_correlate_opt_q7.gcc.rsp
C:\src\Stm32MazeRunner\Project2\MR2\MR2\VisualGDB\Debug\arm_correlate_q15.gcc.rsp
C:\src\Stm32MazeRunner\Project2\MR2\MR2\VisualGDB\Debug\arm_correlate_q31.gcc.rsp
C:\src\Stm32MazeRunner\Project2\MR2\MR2\VisualGDB\Debug\arm_correlate_q7.gcc.rsp
C:\src\Stm32MazeRunner\Project2\MR2\MR2\VisualGDB\Debug\arm_cos_f32.gcc.rsp
C:\src\Stm32MazeRunner\Project2\MR2\MR2\VisualGDB\Debug\arm_cos_q15.gcc.rsp
C:\src\Stm32MazeRunner\Project2\MR2\MR2\VisualGDB\Debug\arm_cos_q31.gcc.rsp
C:\src\Stm32MazeRunner\Project2\MR2\MR2\VisualGDB\Debug\arm_dct4_f32.gcc.rsp
C:\src\Stm32MazeRunner\Project2\MR2\MR2\VisualGDB\Debug\arm_dct4_init_f32.gcc.rsp
C:\src\Stm32MazeRunner\Project2\MR2\MR2\VisualGDB\Debug\arm_dct4_init_q15.gcc.rsp
C:\src\Stm32MazeRunner\Project2\MR2\MR2\VisualGDB\Debug\arm_dct4_init_q31.gcc.rsp
C:\src\Stm32MazeRunner\Project2\MR2\MR2\VisualGDB\Debug\arm_dct4_q15.gcc.rsp
C:\src\Stm32MazeRunner\Project2\MR2\MR2\VisualGDB\Debug\arm_dct4_q31.gcc.rsp
C:\src\Stm32MazeRunner\Project2\MR2\MR2\VisualGDB\Debug\arm_dot_prod_f32.gcc.rsp
C:\src\Stm32MazeRunner\Project2\MR2\MR2\VisualGDB\Debug\arm_dot_prod_q15.gcc.rsp
C:\src\Stm32MazeRunner\Project2\MR2\MR2\VisualGDB\Debug\arm_dot_prod_q31.gcc.rsp
C:\src\Stm32MazeRunner\Project2\MR2\MR2\VisualGDB\Debug\arm_dot_prod_q7.gcc.rsp
C:\src\Stm32MazeRunner\Project2\MR2\MR2\VisualGDB\Debug\arm_fill_f32.gcc.rsp
C:\src\Stm32MazeRunner\Project2\MR2\MR2\VisualGDB\Debug\arm_fill_q15.gcc.rsp
C:\src\Stm32MazeRunner\Project2\MR2\MR2\VisualGDB\Debug\arm_fill_q31.gcc.rsp
C:\src\Stm32MazeRunner\Project2\MR2\MR2\VisualGDB\Debug\arm_fill_q7.gcc.rsp
C:\src\Stm32MazeRunner\Project2\MR2\MR2\VisualGDB\Debug\arm_fir_decimate_f32.gcc.rsp
C:\src\Stm32MazeRunner\Project2\MR2\MR2\VisualGDB\Debug\arm_fir_decimate_fast_q15.gcc.rsp
C:\src\Stm32MazeRunner\Project2\MR2\MR2\VisualGDB\Debug\arm_fir_decimate_fast_q31.gcc.rsp
C:\src\Stm32MazeRunner\Project2\MR2\MR2\VisualGDB\Debug\arm_fir_decimate_init_f32.gcc.rsp
C:\src\Stm32MazeRunner\Project2\MR2\MR2\VisualGDB\Debug\arm_fir_decimate_init_q15.gcc.rsp
C:\src\Stm32MazeRunner\Project2\MR2\MR2\VisualGDB\Debug\arm_fir_decimate_init_q31.gcc.rsp
C:\src\Stm32MazeRunner\Project2\MR2\MR2\VisualGDB\Debug\arm_fir_decimate_q15.gcc.rsp
C:\src\Stm32MazeRunner\Project2\MR2\MR2\VisualGDB\Debug\arm_fir_decimate_q31.gcc.rsp
C:\src\Stm32MazeRunner\Project2\MR2\MR2\VisualGDB\Debug\arm_fir_f32.gcc.rsp
C:\src\Stm32MazeRunner\Project2\MR2\MR2\VisualGDB\Debug\arm_fir_fast_q15.gcc.rsp
C:\src\Stm32MazeRunner\Project2\MR2\MR2\VisualGDB\Debug\arm_fir_fast_q31.gcc.rsp
C:\src\Stm32MazeRunner\Project2\MR2\MR2\VisualGDB\Debug\arm_fir_init_f32.gcc.rsp
C:\src\Stm32MazeRunner\Project2\MR2\MR2\VisualGDB\Debug\arm_fir_init_q15.gcc.rsp
C:\src\Stm32MazeRunner\Project2\MR2\MR2\VisualGDB\Debug\arm_fir_init_q31.gcc.rsp
C:\src\Stm32MazeRunner\Project2\MR2\MR2\VisualGDB\Debug\arm_fir_init_q7.gcc.rsp
C:\src\Stm32MazeRunner\Project2\MR2\MR2\VisualGDB\Debug\arm_fir_interpolate_f32.gcc.rsp
C:\src\Stm32MazeRunner\Project2\MR2\MR2\VisualGDB\Debug\arm_fir_interpolate_init_f32.gcc.rsp
C:\src\Stm32MazeRunner\Project2\MR2\MR2\VisualGDB\Debug\arm_fir_interpolate_init_q15.gcc.rsp
C:\src\Stm32MazeRunner\Project2\MR2\MR2\VisualGDB\Debug\arm_fir_interpolate_init_q31.gcc.rsp
C:\src\Stm32MazeRunner\Project2\MR2\MR2\VisualGDB\Debug\arm_fir_interpolate_q15.gcc.rsp
C:\src\Stm32MazeRunner\Project2\MR2\MR2\VisualGDB\Debug\arm_fir_interpolate_q31.gcc.rsp
C:\src\Stm32MazeRunner\Project2\MR2\MR2\VisualGDB\Debug\arm_fir_lattice_f32.gcc.rsp
C:\src\Stm32MazeRunner\Project2\MR2\MR2\VisualGDB\Debug\arm_fir_lattice_init_f32.gcc.rsp
C:\src\Stm32MazeRunner\Project2\MR2\MR2\VisualGDB\Debug\arm_fir_lattice_init_q15.gcc.rsp
C:\src\Stm32MazeRunner\Project2\MR2\MR2\VisualGDB\Debug\arm_fir_lattice_init_q31.gcc.rsp
C:\src\Stm32MazeRunner\Project2\MR2\MR2\VisualGDB\Debug\arm_fir_lattice_q15.gcc.rsp
C:\src\Stm32MazeRunner\Project2\MR2\MR2\VisualGDB\Debug\arm_fir_lattice_q31.gcc.rsp
C:\src\Stm32MazeRunner\Project2\MR2\MR2\VisualGDB\Debug\arm_fir_q15.gcc.rsp
C:\src\Stm32MazeRunner\Project2\MR2\MR2\VisualGDB\Debug\arm_fir_q31.gcc.rsp
C:\src\Stm32MazeRunner\Project2\MR2\MR2\VisualGDB\Debug\arm_fir_q7.gcc.rsp
C:\src\Stm32MazeRunner\Project2\MR2\MR2\VisualGDB\Debug\arm_fir_sparse_f32.gcc.rsp
C:\src\Stm32MazeRunner\Project2\MR2\MR2\VisualGDB\Debug\arm_fir_sparse_init_f32.gcc.rsp
C:\src\Stm32MazeRunner\Project2\MR2\MR2\VisualGDB\Debug\arm_fir_sparse_init_q15.gcc.rsp
C:\src\Stm32MazeRunner\Project2\MR2\MR2\VisualGDB\Debug\arm_fir_sparse_init_q31.gcc.rsp
C:\src\Stm32MazeRunner\Project2\MR2\MR2\VisualGDB\Debug\arm_fir_sparse_init_q7.gcc.rsp
C:\src\Stm32MazeRunner\Project2\MR2\MR2\VisualGDB\Debug\arm_fir_sparse_q15.gcc.rsp
C:\src\Stm32MazeRunner\Project2\MR2\MR2\VisualGDB\Debug\arm_fir_sparse_q31.gcc.rsp
C:\src\Stm32MazeRunner\Project2\MR2\MR2\VisualGDB\Debug\arm_fir_sparse_q7.gcc.rsp
C:\src\Stm32MazeRunner\Project2\MR2\MR2\VisualGDB\Debug\arm_float_to_q15.gcc.rsp
C:\src\Stm32MazeRunner\Project2\MR2\MR2\VisualGDB\Debug\arm_float_to_q31.gcc.rsp
C:\src\Stm32MazeRunner\Project2\MR2\MR2\VisualGDB\Debug\arm_float_to_q7.gcc.rsp
C:\src\Stm32MazeRunner\Project2\MR2\MR2\VisualGDB\Debug\arm_iir_lattice_f32.gcc.rsp
C:\src\Stm32MazeRunner\Project2\MR2\MR2\VisualGDB\Debug\arm_iir_lattice_init_f32.gcc.rsp
C:\src\Stm32MazeRunner\Project2\MR2\MR2\VisualGDB\Debug\arm_iir_lattice_init_q15.gcc.rsp
C:\src\Stm32MazeRunner\Project2\MR2\MR2\VisualGDB\Debug\arm_iir_lattice_init_q31.gcc.rsp
C:\src\Stm32MazeRunner\Project2\MR2\MR2\VisualGDB\Debug\arm_iir_lattice_q15.gcc.rsp
C:\src\Stm32MazeRunner\Project2\MR2\MR2\VisualGDB\Debug\arm_iir_lattice_q31.gcc.rsp
C:\src\Stm32MazeRunner\Project2\MR2\MR2\VisualGDB\Debug\arm_lms_f32.gcc.rsp
C:\src\Stm32MazeRunner\Project2\MR2\MR2\VisualGDB\Debug\arm_lms_init_f32.gcc.rsp
C:\src\Stm32MazeRunner\Project2\MR2\MR2\VisualGDB\Debug\arm_lms_init_q15.gcc.rsp
C:\src\Stm32MazeRunner\Project2\MR2\MR2\VisualGDB\Debug\arm_lms_init_q31.gcc.rsp
C:\src\Stm32MazeRunner\Project2\MR2\MR2\VisualGDB\Debug\arm_lms_norm_f32.gcc.rsp
C:\src\Stm32MazeRunner\Project2\MR2\MR2\VisualGDB\Debug\arm_lms_norm_init_f32.gcc.rsp
C:\src\Stm32MazeRunner\Project2\MR2\MR2\VisualGDB\Debug\arm_lms_norm_init_q15.gcc.rsp
C:\src\Stm32MazeRunner\Project2\MR2\MR2\VisualGDB\Debug\arm_lms_norm_init_q31.gcc.rsp
C:\src\Stm32MazeRunner\Project2\MR2\MR2\VisualGDB\Debug\arm_lms_norm_q15.gcc.rsp
C:\src\Stm32MazeRunner\Project2\MR2\MR2\VisualGDB\Debug\arm_lms_norm_q31.gcc.rsp
C:\src\Stm32MazeRunner\Project2\MR2\MR2\VisualGDB\Debug\arm_lms_q15.gcc.rsp
C:\src\Stm32MazeRunner\Project2\MR2\MR2\VisualGDB\Debug\arm_lms_q31.gcc.rsp
C:\src\Stm32MazeRunner\Project2\MR2\MR2\VisualGDB\Debug\arm_mat_add_f32.gcc.rsp
C:\src\Stm32MazeRunner\Project2\MR2\MR2\VisualGDB\Debug\arm_mat_add_q15.gcc.rsp
C:\src\Stm32MazeRunner\Project2\MR2\MR2\VisualGDB\Debug\arm_mat_add_q31.gcc.rsp
C:\src\Stm32MazeRunner\Project2\MR2\MR2\VisualGDB\Debug\arm_mat_cmplx_mult_f32.gcc.rsp
C:\src\Stm32MazeRunner\Project2\MR2\MR2\VisualGDB\Debug\arm_mat_cmplx_mult_q15.gcc.rsp
C:\src\Stm32MazeRunner\Project2\MR2\MR2\VisualGDB\Debug\arm_mat_cmplx_mult_q31.gcc.rsp
C:\src\Stm32MazeRunner\Project2\MR2\MR2\VisualGDB\Debug\arm_mat_init_f32.gcc.rsp
C:\src\Stm32MazeRunner\Project2\MR2\MR2\VisualGDB\Debug\arm_mat_init_q15.gcc.rsp
C:\src\Stm32MazeRunner\Project2\MR2\MR2\VisualGDB\Debug\arm_mat_init_q31.gcc.rsp
C:\src\Stm32MazeRunner\Project2\MR2\MR2\VisualGDB\Debug\arm_mat_inverse_f32.gcc.rsp
C:\src\Stm32MazeRunner\Project2\MR2\MR2\VisualGDB\Debug\arm_mat_inverse_f64.gcc.rsp
C:\src\Stm32MazeRunner\Project2\MR2\MR2\VisualGDB\Debug\arm_mat_mult_f32.gcc.rsp
C:\src\Stm32MazeRunner\Project2\MR2\MR2\VisualGDB\Debug\arm_mat_mult_fast_q15.gcc.rsp
C:\src\Stm32MazeRunner\Project2\MR2\MR2\VisualGDB\Debug\arm_mat_mult_fast_q31.gcc.rsp
C:\src\Stm32MazeRunner\Project2\MR2\MR2\VisualGDB\Debug\arm_mat_mult_q15.gcc.rsp
C:\src\Stm32MazeRunner\Project2\MR2\MR2\VisualGDB\Debug\arm_mat_mult_q31.gcc.rsp
C:\src\Stm32MazeRunner\Project2\MR2\MR2\VisualGDB\Debug\arm_mat_scale_f32.gcc.rsp
C:\src\Stm32MazeRunner\Project2\MR2\MR2\VisualGDB\Debug\arm_mat_scale_q15.gcc.rsp
C:\src\Stm32MazeRunner\Project2\MR2\MR2\VisualGDB\Debug\arm_mat_scale_q31.gcc.rsp
C:\src\Stm32MazeRunner\Project2\MR2\MR2\VisualGDB\Debug\arm_mat_sub_f32.gcc.rsp
C:\src\Stm32MazeRunner\Project2\MR2\MR2\VisualGDB\Debug\arm_mat_sub_q15.gcc.rsp
C:\src\Stm32MazeRunner\Project2\MR2\MR2\VisualGDB\Debug\arm_mat_sub_q31.gcc.rsp
C:\src\Stm32MazeRunner\Project2\MR2\MR2\VisualGDB\Debug\arm_mat_trans_f32.gcc.rsp
C:\src\Stm32MazeRunner\Project2\MR2\MR2\VisualGDB\Debug\arm_mat_trans_q15.gcc.rsp
C:\src\Stm32MazeRunner\Project2\MR2\MR2\VisualGDB\Debug\arm_mat_trans_q31.gcc.rsp
C:\src\Stm32MazeRunner\Project2\MR2\MR2\VisualGDB\Debug\arm_max_f32.gcc.rsp
C:\src\Stm32MazeRunner\Project2\MR2\MR2\VisualGDB\Debug\arm_max_q15.gcc.rsp
C:\src\Stm32MazeRunner\Project2\MR2\MR2\VisualGDB\Debug\arm_max_q31.gcc.rsp
C:\src\Stm32MazeRunner\Project2\MR2\MR2\VisualGDB\Debug\arm_max_q7.gcc.rsp
C:\src\Stm32MazeRunner\Project2\MR2\MR2\VisualGDB\Debug\arm_mean_f32.gcc.rsp
C:\src\Stm32MazeRunner\Project2\MR2\MR2\VisualGDB\Debug\arm_mean_q15.gcc.rsp
C:\src\Stm32MazeRunner\Project2\MR2\MR2\VisualGDB\Debug\arm_mean_q31.gcc.rsp
C:\src\Stm32MazeRunner\Project2\MR2\MR2\VisualGDB\Debug\arm_mean_q7.gcc.rsp
C:\src\Stm32MazeRunner\Project2\MR2\MR2\VisualGDB\Debug\arm_min_f32.gcc.rsp
C:\src\Stm32MazeRunner\Project2\MR2\MR2\VisualGDB\Debug\arm_min_q15.gcc.rsp
C:\src\Stm32MazeRunner\Project2\MR2\MR2\VisualGDB\Debug\arm_min_q31.gcc.rsp
C:\src\Stm32MazeRunner\Project2\MR2\MR2\VisualGDB\Debug\arm_min_q7.gcc.rsp
C:\src\Stm32MazeRunner\Project2\MR2\MR2\VisualGDB\Debug\arm_mult_f32.gcc.rsp
C:\src\Stm32MazeRunner\Project2\MR2\MR2\VisualGDB\Debug\arm_mult_q15.gcc.rsp
C:\src\Stm32MazeRunner\Project2\MR2\MR2\VisualGDB\Debug\arm_mult_q31.gcc.rsp
C:\src\Stm32MazeRunner\Project2\MR2\MR2\VisualGDB\Debug\arm_mult_q7.gcc.rsp
C:\src\Stm32MazeRunner\Project2\MR2\MR2\VisualGDB\Debug\arm_negate_f32.gcc.rsp
C:\src\Stm32MazeRunner\Project2\MR2\MR2\VisualGDB\Debug\arm_negate_q15.gcc.rsp
C:\src\Stm32MazeRunner\Project2\MR2\MR2\VisualGDB\Debug\arm_negate_q31.gcc.rsp
C:\src\Stm32MazeRunner\Project2\MR2\MR2\VisualGDB\Debug\arm_negate_q7.gcc.rsp
C:\src\Stm32MazeRunner\Project2\MR2\MR2\VisualGDB\Debug\arm_offset_f32.gcc.rsp
C:\src\Stm32MazeRunner\Project2\MR2\MR2\VisualGDB\Debug\arm_offset_q15.gcc.rsp
C:\src\Stm32MazeRunner\Project2\MR2\MR2\VisualGDB\Debug\arm_offset_q31.gcc.rsp
C:\src\Stm32MazeRunner\Project2\MR2\MR2\VisualGDB\Debug\arm_offset_q7.gcc.rsp
C:\src\Stm32MazeRunner\Project2\MR2\MR2\VisualGDB\Debug\arm_pid_init_f32.gcc.rsp
C:\src\Stm32MazeRunner\Project2\MR2\MR2\VisualGDB\Debug\arm_pid_init_q15.gcc.rsp
C:\src\Stm32MazeRunner\Project2\MR2\MR2\VisualGDB\Debug\arm_pid_init_q31.gcc.rsp
C:\src\Stm32MazeRunner\Project2\MR2\MR2\VisualGDB\Debug\arm_pid_reset_f32.gcc.rsp
C:\src\Stm32MazeRunner\Project2\MR2\MR2\VisualGDB\Debug\arm_pid_reset_q15.gcc.rsp
C:\src\Stm32MazeRunner\Project2\MR2\MR2\VisualGDB\Debug\arm_pid_reset_q31.gcc.rsp
C:\src\Stm32MazeRunner\Project2\MR2\MR2\VisualGDB\Debug\arm_power_f32.gcc.rsp
C:\src\Stm32MazeRunner\Project2\MR2\MR2\VisualGDB\Debug\arm_power_q15.gcc.rsp
C:\src\Stm32MazeRunner\Project2\MR2\MR2\VisualGDB\Debug\arm_power_q31.gcc.rsp
C:\src\Stm32MazeRunner\Project2\MR2\MR2\VisualGDB\Debug\arm_power_q7.gcc.rsp
C:\src\Stm32MazeRunner\Project2\MR2\MR2\VisualGDB\Debug\arm_q15_to_float.gcc.rsp
C:\src\Stm32MazeRunner\Project2\MR2\MR2\VisualGDB\Debug\arm_q15_to_q31.gcc.rsp
C:\src\Stm32MazeRunner\Project2\MR2\MR2\VisualGDB\Debug\arm_q15_to_q7.gcc.rsp
C:\src\Stm32MazeRunner\Project2\MR2\MR2\VisualGDB\Debug\arm_q31_to_float.gcc.rsp
C:\src\Stm32MazeRunner\Project2\MR2\MR2\VisualGDB\Debug\arm_q31_to_q15.gcc.rsp
C:\src\Stm32MazeRunner\Project2\MR2\MR2\VisualGDB\Debug\arm_q31_to_q7.gcc.rsp
C:\src\Stm32MazeRunner\Project2\MR2\MR2\VisualGDB\Debug\arm_q7_to_float.gcc.rsp
C:\src\Stm32MazeRunner\Project2\MR2\MR2\VisualGDB\Debug\arm_q7_to_q15.gcc.rsp
C:\src\Stm32MazeRunner\Project2\MR2\MR2\VisualGDB\Debug\arm_q7_to_q31.gcc.rsp
C:\src\Stm32MazeRunner\Project2\MR2\MR2\VisualGDB\Debug\arm_rfft_f32.gcc.rsp
C:\src\Stm32MazeRunner\Project2\MR2\MR2\VisualGDB\Debug\arm_rfft_fast_f32.gcc.rsp
C:\src\Stm32MazeRunner\Project2\MR2\MR2\VisualGDB\Debug\arm_rfft_fast_init_f32.gcc.rsp
C:\src\Stm32MazeRunner\Project2\MR2\MR2\VisualGDB\Debug\arm_rfft_init_f32.gcc.rsp
C:\src\Stm32MazeRunner\Project2\MR2\MR2\VisualGDB\Debug\arm_rfft_init_q15.gcc.rsp
C:\src\Stm32MazeRunner\Project2\MR2\MR2\VisualGDB\Debug\arm_rfft_init_q31.gcc.rsp
C:\src\Stm32MazeRunner\Project2\MR2\MR2\VisualGDB\Debug\arm_rfft_q15.gcc.rsp
C:\src\Stm32MazeRunner\Project2\MR2\MR2\VisualGDB\Debug\arm_rfft_q31.gcc.rsp
C:\src\Stm32MazeRunner\Project2\MR2\MR2\VisualGDB\Debug\arm_rms_f32.gcc.rsp
C:\src\Stm32MazeRunner\Project2\MR2\MR2\VisualGDB\Debug\arm_rms_q15.gcc.rsp
C:\src\Stm32MazeRunner\Project2\MR2\MR2\VisualGDB\Debug\arm_rms_q31.gcc.rsp
C:\src\Stm32MazeRunner\Project2\MR2\MR2\VisualGDB\Debug\arm_scale_f32.gcc.rsp
C:\src\Stm32MazeRunner\Project2\MR2\MR2\VisualGDB\Debug\arm_scale_q15.gcc.rsp
C:\src\Stm32MazeRunner\Project2\MR2\MR2\VisualGDB\Debug\arm_scale_q31.gcc.rsp
C:\src\Stm32MazeRunner\Project2\MR2\MR2\VisualGDB\Debug\arm_scale_q7.gcc.rsp
C:\src\Stm32MazeRunner\Project2\MR2\MR2\VisualGDB\Debug\arm_shift_q15.gcc.rsp
C:\src\Stm32MazeRunner\Project2\MR2\MR2\VisualGDB\Debug\arm_shift_q31.gcc.rsp
C:\src\Stm32MazeRunner\Project2\MR2\MR2\VisualGDB\Debug\arm_shift_q7.gcc.rsp
C:\src\Stm32MazeRunner\Project2\MR2\MR2\VisualGDB\Debug\arm_sin_cos_f32.gcc.rsp
C:\src\Stm32MazeRunner\Project2\MR2\MR2\VisualGDB\Debug\arm_sin_cos_q31.gcc.rsp
C:\src\Stm32MazeRunner\Project2\MR2\MR2\VisualGDB\Debug\arm_sin_f32.gcc.rsp
C:\src\Stm32MazeRunner\Project2\MR2\MR2\VisualGDB\Debug\arm_sin_q15.gcc.rsp
C:\src\Stm32MazeRunner\Project2\MR2\MR2\VisualGDB\Debug\arm_sin_q31.gcc.rsp
C:\src\Stm32MazeRunner\Project2\MR2\MR2\VisualGDB\Debug\arm_sqrt_q15.gcc.rsp
C:\src\Stm32MazeRunner\Project2\MR2\MR2\VisualGDB\Debug\arm_sqrt_q31.gcc.rsp
C:\src\Stm32MazeRunner\Project2\MR2\MR2\VisualGDB\Debug\arm_std_f32.gcc.rsp
C:\src\Stm32MazeRunner\Project2\MR2\MR2\VisualGDB\Debug\arm_std_q15.gcc.rsp
C:\src\Stm32MazeRunner\Project2\MR2\MR2\VisualGDB\Debug\arm_std_q31.gcc.rsp
C:\src\Stm32MazeRunner\Project2\MR2\MR2\VisualGDB\Debug\arm_sub_f32.gcc.rsp
C:\src\Stm32MazeRunner\Project2\MR2\MR2\VisualGDB\Debug\arm_sub_q15.gcc.rsp
C:\src\Stm32MazeRunner\Project2\MR2\MR2\VisualGDB\Debug\arm_sub_q31.gcc.rsp
C:\src\Stm32MazeRunner\Project2\MR2\MR2\VisualGDB\Debug\arm_sub_q7.gcc.rsp
C:\src\Stm32MazeRunner\Project2\MR2\MR2\VisualGDB\Debug\arm_var_f32.gcc.rsp
C:\src\Stm32MazeRunner\Project2\MR2\MR2\VisualGDB\Debug\arm_var_q15.gcc.rsp
C:\src\Stm32MazeRunner\Project2\MR2\MR2\VisualGDB\Debug\arm_var_q31.gcc.rsp
C:\src\Stm32MazeRunner\Project2\MR2\MR2\VisualGDB\Debug\cmsis_os.gcc.rsp
C:\src\Stm32MazeRunner\Project2\MR2\MR2\VisualGDB\Debug\croutine.gcc.rsp
C:\src\Stm32MazeRunner\Project2\MR2\MR2\VisualGDB\Debug\event_groups.gcc.rsp
C:\src\Stm32MazeRunner\Project2\MR2\MR2\VisualGDB\Debug\freertos.gcc.rsp
C:\src\Stm32MazeRunner\Project2\MR2\MR2\VisualGDB\Debug\gpio.gcc.rsp
C:\src\Stm32MazeRunner\Project2\MR2\MR2\VisualGDB\Debug\heap_4.gcc.rsp
C:\src\Stm32MazeRunner\Project2\MR2\MR2\VisualGDB\Debug\iwdg.gcc.rsp
C:\src\Stm32MazeRunner\Project2\MR2\MR2\VisualGDB\Debug\list.gcc.rsp
C:\src\Stm32MazeRunner\Project2\MR2\MR2\VisualGDB\Debug\main.gcc.rsp
C:\src\Stm32MazeRunner\Project2\MR2\MR2\VisualGDB\Debug\port.gcc.rsp
C:\src\Stm32MazeRunner\Project2\MR2\MR2\VisualGDB\Debug\queue.gcc.rsp
C:\src\Stm32MazeRunner\Project2\MR2\MR2\VisualGDB\Debug\rtc.gcc.rsp
C:\src\Stm32MazeRunner\Project2\MR2\MR2\VisualGDB\Debug\stm32l4xx_hal.gcc.rsp
C:\src\Stm32MazeRunner\Project2\MR2\MR2\VisualGDB\Debug\stm32l4xx_hal_adc.gcc.rsp
C:\src\Stm32MazeRunner\Project2\MR2\MR2\VisualGDB\Debug\stm32l4xx_hal_adc_ex.gcc.rsp
C:\src\Stm32MazeRunner\Project2\MR2\MR2\VisualGDB\Debug\stm32l4xx_hal_can.gcc.rsp
C:\src\Stm32MazeRunner\Project2\MR2\MR2\VisualGDB\Debug\stm32l4xx_hal_comp.gcc.rsp
C:\src\Stm32MazeRunner\Project2\MR2\MR2\VisualGDB\Debug\stm32l4xx_hal_cortex.gcc.rsp
C:\src\Stm32MazeRunner\Project2\MR2\MR2\VisualGDB\Debug\stm32l4xx_hal_crc.gcc.rsp
C:\src\Stm32MazeRunner\Project2\MR2\MR2\VisualGDB\Debug\stm32l4xx_hal_crc_ex.gcc.rsp
C:\src\Stm32MazeRunner\Project2\MR2\MR2\VisualGDB\Debug\stm32l4xx_hal_cryp.gcc.rsp
C:\src\Stm32MazeRunner\Project2\MR2\MR2\VisualGDB\Debug\stm32l4xx_hal_cryp_ex.gcc.rsp
C:\src\Stm32MazeRunner\Project2\MR2\MR2\VisualGDB\Debug\stm32l4xx_hal_dac.gcc.rsp
C:\src\Stm32MazeRunner\Project2\MR2\MR2\VisualGDB\Debug\stm32l4xx_hal_dac_ex.gcc.rsp
C:\src\Stm32MazeRunner\Project2\MR2\MR2\VisualGDB\Debug\stm32l4xx_hal_dcmi.gcc.rsp
C:\src\Stm32MazeRunner\Project2\MR2\MR2\VisualGDB\Debug\stm32l4xx_hal_dfsdm.gcc.rsp
C:\src\Stm32MazeRunner\Project2\MR2\MR2\VisualGDB\Debug\stm32l4xx_hal_dfsdm_ex.gcc.rsp
C:\src\Stm32MazeRunner\Project2\MR2\MR2\VisualGDB\Debug\stm32l4xx_hal_dma.gcc.rsp
C:\src\Stm32MazeRunner\Project2\MR2\MR2\VisualGDB\Debug\stm32l4xx_hal_dma2d.gcc.rsp
C:\src\Stm32MazeRunner\Project2\MR2\MR2\VisualGDB\Debug\stm32l4xx_hal_dma_ex.gcc.rsp
C:\src\Stm32MazeRunner\Project2\MR2\MR2\VisualGDB\Debug\stm32l4xx_hal_dsi.gcc.rsp
C:\src\Stm32MazeRunner\Project2\MR2\MR2\VisualGDB\Debug\stm32l4xx_hal_exti.gcc.rsp
C:\src\Stm32MazeRunner\Project2\MR2\MR2\VisualGDB\Debug\stm32l4xx_hal_firewall.gcc.rsp
C:\src\Stm32MazeRunner\Project2\MR2\MR2\VisualGDB\Debug\stm32l4xx_hal_flash.gcc.rsp
C:\src\Stm32MazeRunner\Project2\MR2\MR2\VisualGDB\Debug\stm32l4xx_hal_flash_ex.gcc.rsp
C:\src\Stm32MazeRunner\Project2\MR2\MR2\VisualGDB\Debug\stm32l4xx_hal_flash_ramfunc.gcc.rsp
C:\src\Stm32MazeRunner\Project2\MR2\MR2\VisualGDB\Debug\stm32l4xx_hal_gfxmmu.gcc.rsp
C:\src\Stm32MazeRunner\Project2\MR2\MR2\VisualGDB\Debug\stm32l4xx_hal_gpio.gcc.rsp
C:\src\Stm32MazeRunner\Project2\MR2\MR2\VisualGDB\Debug\stm32l4xx_hal_hash.gcc.rsp
C:\src\Stm32MazeRunner\Project2\MR2\MR2\VisualGDB\Debug\stm32l4xx_hal_hash_ex.gcc.rsp
C:\src\Stm32MazeRunner\Project2\MR2\MR2\VisualGDB\Debug\stm32l4xx_hal_hcd.gcc.rsp
C:\src\Stm32MazeRunner\Project2\MR2\MR2\VisualGDB\Debug\stm32l4xx_hal_i2c.gcc.rsp
C:\src\Stm32MazeRunner\Project2\MR2\MR2\VisualGDB\Debug\stm32l4xx_hal_i2c_ex.gcc.rsp
C:\src\Stm32MazeRunner\Project2\MR2\MR2\VisualGDB\Debug\stm32l4xx_hal_irda.gcc.rsp
C:\src\Stm32MazeRunner\Project2\MR2\MR2\VisualGDB\Debug\stm32l4xx_hal_iwdg.gcc.rsp
C:\src\Stm32MazeRunner\Project2\MR2\MR2\VisualGDB\Debug\stm32l4xx_hal_lcd.gcc.rsp
C:\src\Stm32MazeRunner\Project2\MR2\MR2\VisualGDB\Debug\stm32l4xx_hal_lptim.gcc.rsp
C:\src\Stm32MazeRunner\Project2\MR2\MR2\VisualGDB\Debug\stm32l4xx_hal_ltdc.gcc.rsp
C:\src\Stm32MazeRunner\Project2\MR2\MR2\VisualGDB\Debug\stm32l4xx_hal_ltdc_ex.gcc.rsp
C:\src\Stm32MazeRunner\Project2\MR2\MR2\VisualGDB\Debug\stm32l4xx_hal_msp.gcc.rsp
C:\src\Stm32MazeRunner\Project2\MR2\MR2\VisualGDB\Debug\stm32l4xx_hal_msp_template.gcc.rsp
C:\src\Stm32MazeRunner\Project2\MR2\MR2\VisualGDB\Debug\stm32l4xx_hal_nand.gcc.rsp
C:\src\Stm32MazeRunner\Project2\MR2\MR2\VisualGDB\Debug\stm32l4xx_hal_nor.gcc.rsp
C:\src\Stm32MazeRunner\Project2\MR2\MR2\VisualGDB\Debug\stm32l4xx_hal_opamp.gcc.rsp
C:\src\Stm32MazeRunner\Project2\MR2\MR2\VisualGDB\Debug\stm32l4xx_hal_opamp_ex.gcc.rsp
C:\src\Stm32MazeRunner\Project2\MR2\MR2\VisualGDB\Debug\stm32l4xx_hal_ospi.gcc.rsp
C:\src\Stm32MazeRunner\Project2\MR2\MR2\VisualGDB\Debug\stm32l4xx_hal_pcd.gcc.rsp
C:\src\Stm32MazeRunner\Project2\MR2\MR2\VisualGDB\Debug\stm32l4xx_hal_pcd_ex.gcc.rsp
C:\src\Stm32MazeRunner\Project2\MR2\MR2\VisualGDB\Debug\stm32l4xx_hal_pwr.gcc.rsp
C:\src\Stm32MazeRunner\Project2\MR2\MR2\VisualGDB\Debug\stm32l4xx_hal_pwr_ex.gcc.rsp
C:\src\Stm32MazeRunner\Project2\MR2\MR2\VisualGDB\Debug\stm32l4xx_hal_qspi.gcc.rsp
C:\src\Stm32MazeRunner\Project2\MR2\MR2\VisualGDB\Debug\stm32l4xx_hal_rcc.gcc.rsp
C:\src\Stm32MazeRunner\Project2\MR2\MR2\VisualGDB\Debug\stm32l4xx_hal_rcc_ex.gcc.rsp
C:\src\Stm32MazeRunner\Project2\MR2\MR2\VisualGDB\Debug\stm32l4xx_hal_rng.gcc.rsp
C:\src\Stm32MazeRunner\Project2\MR2\MR2\VisualGDB\Debug\stm32l4xx_hal_rtc.gcc.rsp
C:\src\Stm32MazeRunner\Project2\MR2\MR2\VisualGDB\Debug\stm32l4xx_hal_rtc_ex.gcc.rsp
C:\src\Stm32MazeRunner\Project2\MR2\MR2\VisualGDB\Debug\stm32l4xx_hal_sai.gcc.rsp
C:\src\Stm32MazeRunner\Project2\MR2\MR2\VisualGDB\Debug\stm32l4xx_hal_sai_ex.gcc.rsp
C:\src\Stm32MazeRunner\Project2\MR2\MR2\VisualGDB\Debug\stm32l4xx_hal_sd.gcc.rsp
C:\src\Stm32MazeRunner\Project2\MR2\MR2\VisualGDB\Debug\stm32l4xx_hal_sd_ex.gcc.rsp
C:\src\Stm32MazeRunner\Project2\MR2\MR2\VisualGDB\Debug\stm32l4xx_hal_smartcard.gcc.rsp
C:\src\Stm32MazeRunner\Project2\MR2\MR2\VisualGDB\Debug\stm32l4xx_hal_smartcard_ex.gcc.rsp
C:\src\Stm32MazeRunner\Project2\MR2\MR2\VisualGDB\Debug\stm32l4xx_hal_smbus.gcc.rsp
C:\src\Stm32MazeRunner\Project2\MR2\MR2\VisualGDB\Debug\stm32l4xx_hal_spi.gcc.rsp
C:\src\Stm32MazeRunner\Project2\MR2\MR2\VisualGDB\Debug\stm32l4xx_hal_spi_ex.gcc.rsp
C:\src\Stm32MazeRunner\Project2\MR2\MR2\VisualGDB\Debug\stm32l4xx_hal_sram.gcc.rsp
C:\src\Stm32MazeRunner\Project2\MR2\MR2\VisualGDB\Debug\stm32l4xx_hal_swpmi.gcc.rsp
C:\src\Stm32MazeRunner\Project2\MR2\MR2\VisualGDB\Debug\stm32l4xx_hal_tim.gcc.rsp
C:\src\Stm32MazeRunner\Project2\MR2\MR2\VisualGDB\Debug\stm32l4xx_hal_timebase_tim_template.gcc.rsp
C:\src\Stm32MazeRunner\Project2\MR2\MR2\VisualGDB\Debug\stm32l4xx_hal_tim_ex.gcc.rsp
C:\src\Stm32MazeRunner\Project2\MR2\MR2\VisualGDB\Debug\stm32l4xx_hal_tsc.gcc.rsp
C:\src\Stm32MazeRunner\Project2\MR2\MR2\VisualGDB\Debug\stm32l4xx_hal_uart.gcc.rsp
C:\src\Stm32MazeRunner\Project2\MR2\MR2\VisualGDB\Debug\stm32l4xx_hal_uart_ex.gcc.rsp
C:\src\Stm32MazeRunner\Project2\MR2\MR2\VisualGDB\Debug\stm32l4xx_hal_usart.gcc.rsp
C:\src\Stm32MazeRunner\Project2\MR2\MR2\VisualGDB\Debug\stm32l4xx_hal_usart_ex.gcc.rsp
C:\src\Stm32MazeRunner\Project2\MR2\MR2\VisualGDB\Debug\stm32l4xx_hal_wwdg.gcc.rsp
C:\src\Stm32MazeRunner\Project2\MR2\MR2\VisualGDB\Debug\stm32l4xx_it.gcc.rsp
C:\src\Stm32MazeRunner\Project2\MR2\MR2\VisualGDB\Debug\stm32l4xx_ll_adc.gcc.rsp
C:\src\Stm32MazeRunner\Project2\MR2\MR2\VisualGDB\Debug\stm32l4xx_ll_comp.gcc.rsp
C:\src\Stm32MazeRunner\Project2\MR2\MR2\VisualGDB\Debug\stm32l4xx_ll_crc.gcc.rsp
C:\src\Stm32MazeRunner\Project2\MR2\MR2\VisualGDB\Debug\stm32l4xx_ll_crs.gcc.rsp
C:\src\Stm32MazeRunner\Project2\MR2\MR2\VisualGDB\Debug\stm32l4xx_ll_dac.gcc.rsp
C:\src\Stm32MazeRunner\Project2\MR2\MR2\VisualGDB\Debug\stm32l4xx_ll_dma.gcc.rsp
C:\src\Stm32MazeRunner\Project2\MR2\MR2\VisualGDB\Debug\stm32l4xx_ll_dma2d.gcc.rsp
C:\src\Stm32MazeRunner\Project2\MR2\MR2\VisualGDB\Debug\stm32l4xx_ll_exti.gcc.rsp
C:\src\Stm32MazeRunner\Project2\MR2\MR2\VisualGDB\Debug\stm32l4xx_ll_fmc.gcc.rsp
C:\src\Stm32MazeRunner\Project2\MR2\MR2\VisualGDB\Debug\stm32l4xx_ll_gpio.gcc.rsp
C:\src\Stm32MazeRunner\Project2\MR2\MR2\VisualGDB\Debug\stm32l4xx_ll_i2c.gcc.rsp
C:\src\Stm32MazeRunner\Project2\MR2\MR2\VisualGDB\Debug\stm32l4xx_ll_lptim.gcc.rsp
C:\src\Stm32MazeRunner\Project2\MR2\MR2\VisualGDB\Debug\stm32l4xx_ll_lpuart.gcc.rsp
C:\src\Stm32MazeRunner\Project2\MR2\MR2\VisualGDB\Debug\stm32l4xx_ll_opamp.gcc.rsp
C:\src\Stm32MazeRunner\Project2\MR2\MR2\VisualGDB\Debug\stm32l4xx_ll_pwr.gcc.rsp
C:\src\Stm32MazeRunner\Project2\MR2\MR2\VisualGDB\Debug\stm32l4xx_ll_rcc.gcc.rsp
C:\src\Stm32MazeRunner\Project2\MR2\MR2\VisualGDB\Debug\stm32l4xx_ll_rng.gcc.rsp
C:\src\Stm32MazeRunner\Project2\MR2\MR2\VisualGDB\Debug\stm32l4xx_ll_rtc.gcc.rsp
C:\src\Stm32MazeRunner\Project2\MR2\MR2\VisualGDB\Debug\stm32l4xx_ll_sdmmc.gcc.rsp
C:\src\Stm32MazeRunner\Project2\MR2\MR2\VisualGDB\Debug\stm32l4xx_ll_spi.gcc.rsp
C:\src\Stm32MazeRunner\Project2\MR2\MR2\VisualGDB\Debug\stm32l4xx_ll_swpmi.gcc.rsp
C:\src\Stm32MazeRunner\Project2\MR2\MR2\VisualGDB\Debug\stm32l4xx_ll_tim.gcc.rsp
C:\src\Stm32MazeRunner\Project2\MR2\MR2\VisualGDB\Debug\stm32l4xx_ll_usart.gcc.rsp
C:\src\Stm32MazeRunner\Project2\MR2\MR2\VisualGDB\Debug\stm32l4xx_ll_usb.gcc.rsp
C:\src\Stm32MazeRunner\Project2\MR2\MR2\VisualGDB\Debug\stm32l4xx_ll_utils.gcc.rsp
C:\src\Stm32MazeRunner\Project2\MR2\MR2\VisualGDB\Debug\stream_buffer.gcc.rsp
C:\src\Stm32MazeRunner\Project2\MR2\MR2\VisualGDB\Debug\system_stm32l4xx.gcc.rsp
C:\src\Stm32MazeRunner\Project2\MR2\MR2\VisualGDB\Debug\tasks.gcc.rsp
C:\src\Stm32MazeRunner\Project2\MR2\MR2\VisualGDB\Debug\tim.gcc.rsp
C:\src\Stm32MazeRunner\Project2\MR2\MR2\VisualGDB\Debug\timers.gcc.rsp
C:\src\Stm32MazeRunner\Project2\MR2\MR2\VisualGDB\Debug\usart.gcc.rsp
C:\src\Stm32MazeRunner\Project2\MR2\MR2\VisualGDB\Debug\MR2.alldeps
